TN:
SF:src\assertions.ts
FN:64,isTrivial
FN:68,isAssertion
FN:72,classifyLine
FN:82,languageForFile
FN:89,scanFile
FN:119,isTestFile
FN:128,extractTestFilesFromCommand
FN:180,analyseAssertions
FNF:8
FNH:6
FNDA:0,isTrivial
FNDA:0,isAssertion
FNDA:69,classifyLine
FNDA:19,languageForFile
FNDA:19,scanFile
FNDA:20,isTestFile
FNDA:22,extractTestFilesFromCommand
FNDA:22,analyseAssertions
DA:1,1
DA:2,1
DA:3,1
DA:4,1
DA:5,1
DA:6,1
DA:7,1
DA:8,1
DA:9,1
DA:10,1
DA:11,1
DA:12,1
DA:13,1
DA:14,1
DA:15,1
DA:16,1
DA:17,1
DA:18,1
DA:19,1
DA:20,1
DA:21,1
DA:22,1
DA:23,1
DA:24,1
DA:25,1
DA:26,1
DA:27,1
DA:28,1
DA:29,1
DA:30,1
DA:31,1
DA:32,1
DA:33,1
DA:34,1
DA:35,1
DA:36,1
DA:37,1
DA:38,1
DA:39,1
DA:40,1
DA:41,1
DA:42,1
DA:43,1
DA:44,1
DA:45,1
DA:46,1
DA:47,1
DA:48,1
DA:49,1
DA:50,1
DA:51,1
DA:52,1
DA:53,1
DA:54,1
DA:55,1
DA:56,1
DA:57,1
DA:58,1
DA:59,1
DA:60,1
DA:61,1
DA:62,1
DA:63,1
DA:64,0
DA:65,0
DA:66,0
DA:67,1
DA:68,0
DA:69,0
DA:70,0
DA:71,1
DA:72,69
DA:73,69
DA:74,69
DA:75,69
DA:76,69
DA:77,24
DA:78,24
DA:79,69
DA:80,69
DA:81,1
DA:82,19
DA:83,19
DA:84,19
DA:85,5
DA:86,0
DA:87,0
DA:88,1
DA:89,19
DA:90,19
DA:91,19
DA:92,19
DA:93,19
DA:94,19
DA:95,19
DA:96,19
DA:97,19
DA:98,19
DA:99,19
DA:100,19
DA:101,19
DA:102,69
DA:103,69
DA:104,69
DA:105,69
DA:106,19
DA:107,19
DA:108,19
DA:109,1
DA:110,1
DA:111,1
DA:112,1
DA:113,1
DA:114,1
DA:115,1
DA:116,1
DA:117,1
DA:118,1
DA:119,20
DA:120,20
DA:121,20
DA:122,20
DA:123,1
DA:124,1
DA:125,1
DA:126,1
DA:127,1
DA:128,22
DA:129,22
DA:130,22
DA:131,22
DA:132,22
DA:133,88
DA:134,88
DA:135,64
DA:136,64
DA:137,27
DA:138,27
DA:139,27
DA:140,27
DA:141,88
DA:142,21
DA:143,21
DA:144,19
DA:145,19
DA:146,21
DA:147,21
DA:148,21
DA:149,21
DA:150,21
DA:151,0
DA:152,0
DA:153,0
DA:154,0
DA:155,0
DA:156,0
DA:157,0
DA:158,0
DA:159,0
DA:160,0
DA:161,0
DA:162,0
DA:163,0
DA:164,0
DA:165,0
DA:166,0
DA:167,0
DA:168,21
DA:169,88
DA:170,22
DA:171,22
DA:172,22
DA:173,1
DA:174,1
DA:175,1
DA:176,1
DA:177,1
DA:178,1
DA:179,1
DA:180,1
DA:181,22
DA:182,22
DA:183,22
DA:184,4
DA:185,4
DA:186,18
DA:187,18
DA:188,18
DA:189,18
DA:190,18
DA:191,20
DA:192,19
DA:193,19
DA:194,19
DA:195,19
DA:196,19
DA:197,18
DA:198,18
DA:199,18
DA:200,18
DA:201,18
DA:202,18
DA:203,18
DA:204,18
DA:205,18
LF:205
LH:180
BRDA:72,0,0,69
BRDA:76,1,0,45
BRDA:77,2,0,24
BRDA:79,3,0,12
BRDA:79,4,0,12
BRDA:78,5,0,58
BRDA:82,6,0,19
BRDA:84,7,0,14
BRDA:85,8,0,5
BRDA:86,9,0,0
BRDA:89,10,0,19
BRDA:91,11,0,0
BRDA:93,12,0,14
BRDA:93,13,0,5
BRDA:94,14,0,14
BRDA:94,15,0,5
BRDA:101,16,0,69
BRDA:119,17,0,20
BRDA:121,18,0,33
BRDA:128,19,0,22
BRDA:132,20,0,88
BRDA:134,21,0,64
BRDA:134,22,0,24
BRDA:135,23,0,64
BRDA:136,24,0,37
BRDA:137,25,0,27
BRDA:138,26,0,0
BRDA:139,27,0,27
BRDA:141,28,0,6
BRDA:141,29,0,6
BRDA:141,30,0,21
BRDA:143,31,0,20
BRDA:143,32,0,19
BRDA:150,33,0,0
BRDA:180,34,0,22
BRDA:183,35,0,4
BRDA:186,36,0,20
BRDA:186,37,0,18
BRDA:191,38,0,19
BRDA:197,39,0,18
BRDA:202,40,0,19
BRF:41
BRH:37
end_of_record
TN:
SF:src\author.ts
FN:6,proofMark
FN:18,renderNode
FN:29,renderGroup
FN:49,allLeavesPass
FN:62,renderLeaf
FN:90,renderMarkdown
FN:141,pushSection
FN:223,writeMarkdown
FN:232,updateDocFromCheckResult
FNF:9
FNH:8
FNDA:18,proofMark
FNDA:7,renderNode
FNDA:1,renderGroup
FNDA:5,allLeavesPass
FNDA:18,renderLeaf
FNDA:16,renderMarkdown
FNDA:81,pushSection
FNDA:0,writeMarkdown
FNDA:5,updateDocFromCheckResult
DA:1,1
DA:2,1
DA:3,1
DA:4,1
DA:5,1
DA:6,18
DA:7,18
DA:8,18
DA:9,18
DA:10,18
DA:11,18
DA:12,18
DA:13,18
DA:14,1
DA:15,1
DA:16,1
DA:17,1
DA:18,7
DA:19,7
DA:20,7
DA:21,7
DA:22,7
DA:23,6
DA:24,7
DA:25,1
DA:26,1
DA:27,7
DA:28,1
DA:29,1
DA:30,1
DA:31,1
DA:32,1
DA:33,1
DA:34,1
DA:35,1
DA:36,1
DA:37,1
DA:38,1
DA:39,1
DA:40,1
DA:41,1
DA:42,1
DA:43,1
DA:44,1
DA:45,2
DA:46,2
DA:47,1
DA:48,1
DA:49,5
DA:50,5
DA:51,5
DA:52,1
DA:53,5
DA:54,4
DA:55,4
DA:56,0
DA:57,0
DA:58,5
DA:59,0
DA:60,0
DA:61,1
DA:62,18
DA:63,18
DA:64,1
DA:65,1
DA:66,1
DA:67,1
DA:68,17
DA:69,17
DA:70,17
DA:71,17
DA:72,18
DA:73,1
DA:74,1
DA:75,1
DA:76,1
DA:77,1
DA:78,18
DA:79,1
DA:80,1
DA:81,1
DA:82,1
DA:83,16
DA:84,15
DA:85,15
DA:86,18
DA:87,1
DA:88,1
DA:89,1
DA:90,1
DA:91,16
DA:92,16
DA:93,16
DA:94,16
DA:95,16
DA:96,16
DA:97,16
DA:98,16
DA:99,16
DA:100,16
DA:101,16
DA:102,16
DA:103,16
DA:104,16
DA:105,16
DA:106,16
DA:107,16
DA:108,16
DA:109,16
DA:110,16
DA:111,16
DA:112,16
DA:113,16
DA:114,16
DA:115,16
DA:116,16
DA:117,16
DA:118,16
DA:119,16
DA:120,16
DA:121,16
DA:122,16
DA:123,16
DA:124,16
DA:125,16
DA:126,16
DA:127,16
DA:128,16
DA:129,16
DA:130,16
DA:131,16
DA:132,16
DA:133,16
DA:134,16
DA:135,1
DA:136,1
DA:137,16
DA:138,16
DA:139,16
DA:140,16
DA:141,16
DA:142,81
DA:143,81
DA:144,81
DA:145,81
DA:146,81
DA:147,81
DA:148,16
DA:149,16
DA:150,16
DA:151,13
DA:152,13
DA:153,16
DA:154,16
DA:155,13
DA:156,13
DA:157,16
DA:158,16
DA:159,16
DA:160,16
DA:161,13
DA:162,13
DA:163,16
DA:164,16
DA:165,13
DA:166,13
DA:167,16
DA:168,16
DA:169,16
DA:170,16
DA:171,16
DA:172,16
DA:173,16
DA:174,16
DA:175,16
DA:176,16
DA:177,16
DA:178,16
DA:179,16
DA:180,12
DA:181,12
DA:182,16
DA:183,4
DA:184,4
DA:185,4
DA:186,4
DA:187,4
DA:188,4
DA:189,4
DA:190,4
DA:191,4
DA:192,4
DA:193,4
DA:194,4
DA:195,4
DA:196,4
DA:197,4
DA:198,5
DA:199,5
DA:200,4
DA:201,16
DA:202,16
DA:203,16
DA:204,16
DA:205,16
DA:206,16
DA:207,13
DA:208,13
DA:209,16
DA:210,16
DA:211,1
DA:212,1
DA:213,1
DA:214,1
DA:215,1
DA:216,1
DA:217,1
DA:218,16
DA:219,16
DA:220,16
DA:221,16
DA:222,1
DA:223,1
DA:224,0
DA:225,0
DA:226,0
DA:227,0
DA:228,0
DA:229,1
DA:230,1
DA:231,1
DA:232,1
DA:233,5
DA:234,5
DA:235,5
DA:236,5
DA:237,5
DA:238,4
DA:239,4
DA:240,5
DA:241,5
DA:242,4
DA:243,4
DA:244,4
DA:245,4
DA:246,4
DA:247,4
DA:248,5
DA:249,5
DA:250,5
DA:251,5
DA:252,3
DA:253,3
DA:254,3
DA:255,3
DA:256,3
DA:257,3
DA:258,3
DA:259,1
DA:260,1
DA:261,1
LF:261
LH:252
BRDA:6,0,0,18
BRDA:8,1,0,0
BRDA:9,2,0,0
BRDA:10,3,0,1
BRDA:11,4,0,17
BRDA:18,5,0,7
BRDA:20,6,0,1
BRDA:22,7,0,6
BRDA:24,8,0,1
BRDA:29,9,0,1
BRDA:34,10,0,0
BRDA:37,11,0,0
BRDA:38,12,0,0
BRDA:38,13,0,0
BRDA:44,14,0,2
BRDA:32,15,0,1
BRDA:49,16,0,5
BRDA:51,17,0,1
BRDA:51,18,0,1
BRDA:53,19,0,4
BRDA:55,20,0,0
BRDA:59,21,0,0
BRDA:62,22,0,18
BRDA:63,23,0,1
BRDA:65,24,0,0
BRDA:68,25,0,17
BRDA:72,26,0,1
BRDA:75,27,0,0
BRDA:78,28,0,16
BRDA:78,29,0,1
BRDA:80,30,0,0
BRDA:83,31,0,15
BRDA:90,32,0,16
BRDA:134,33,0,1
BRDA:150,34,0,13
BRDA:154,35,0,13
BRDA:160,36,0,13
BRDA:164,37,0,13
BRDA:177,38,0,4
BRDA:179,39,0,12
BRDA:182,40,0,4
BRDA:189,41,0,0
BRDA:190,42,0,0
BRDA:197,43,0,5
BRDA:206,44,0,13
BRDA:210,45,0,1
BRDA:141,46,0,81
BRDA:232,47,0,5
BRDA:237,48,0,1
BRDA:238,49,0,4
BRDA:240,50,0,2
BRDA:241,51,0,1
BRDA:241,52,0,0
BRDA:242,53,0,4
BRDA:251,54,0,2
BRDA:252,55,0,3
BRF:56
BRH:42
end_of_record
TN:
SF:src\baseline.ts
FN:93,warnMsg
FN:95,warnMsg
FN:96,warnMsg
FN:97,warnMsg
FN:98,warnMsg
FN:117,collectPresent
FN:123,checkHardMandatory
FN:138,checkOptional
FN:145,check
FN:173,checkStrengthOnly
FN:193,validateBaseline
FNF:11
FNH:11
FNDA:31,warnMsg
FNDA:31,warnMsg
FNDA:31,warnMsg
FNDA:31,warnMsg
FNDA:31,warnMsg
FNDA:31,collectPresent
FNDA:31,checkHardMandatory
FNDA:31,checkOptional
FNDA:279,check
FNDA:31,checkStrengthOnly
FNDA:31,validateBaseline
DA:1,1
DA:2,1
DA:3,1
DA:4,1
DA:5,1
DA:6,1
DA:7,1
DA:8,1
DA:9,1
DA:10,1
DA:11,1
DA:12,1
DA:13,1
DA:14,1
DA:15,1
DA:16,1
DA:17,1
DA:18,1
DA:19,1
DA:20,1
DA:21,1
DA:22,1
DA:23,1
DA:24,1
DA:25,1
DA:26,1
DA:27,1
DA:28,1
DA:29,1
DA:30,1
DA:31,1
DA:32,1
DA:33,1
DA:34,1
DA:35,1
DA:36,1
DA:37,1
DA:38,1
DA:39,1
DA:40,1
DA:41,1
DA:42,1
DA:43,1
DA:44,1
DA:45,1
DA:46,1
DA:47,1
DA:48,1
DA:49,1
DA:50,1
DA:51,1
DA:52,1
DA:53,1
DA:54,1
DA:55,1
DA:56,1
DA:57,1
DA:58,1
DA:59,1
DA:60,1
DA:61,1
DA:62,1
DA:63,1
DA:64,1
DA:65,1
DA:66,1
DA:67,1
DA:68,1
DA:69,1
DA:70,1
DA:71,1
DA:72,1
DA:73,1
DA:74,1
DA:75,1
DA:76,1
DA:77,1
DA:78,1
DA:79,1
DA:80,1
DA:81,1
DA:82,1
DA:83,1
DA:84,1
DA:85,1
DA:86,1
DA:87,1
DA:88,1
DA:89,1
DA:90,1
DA:91,1
DA:92,1
DA:93,1
DA:94,1
DA:95,1
DA:96,1
DA:97,1
DA:98,1
DA:99,1
DA:100,1
DA:101,1
DA:102,1
DA:103,1
DA:104,1
DA:105,1
DA:106,1
DA:107,1
DA:108,1
DA:109,1
DA:110,1
DA:111,1
DA:112,1
DA:113,1
DA:114,1
DA:115,1
DA:116,1
DA:117,31
DA:118,31
DA:119,31
DA:120,31
DA:121,31
DA:122,1
DA:123,31
DA:124,31
DA:125,31
DA:126,31
DA:127,31
DA:128,31
DA:129,93
DA:130,12
DA:131,12
DA:132,12
DA:133,12
DA:134,93
DA:135,31
DA:136,31
DA:137,1
DA:138,31
DA:139,31
DA:140,31
DA:141,31
DA:142,31
DA:143,31
DA:144,31
DA:145,31
DA:146,279
DA:147,279
DA:148,279
DA:149,279
DA:150,279
DA:151,279
DA:152,279
DA:153,209
DA:154,279
DA:155,41
DA:156,41
DA:157,41
DA:158,41
DA:159,41
DA:160,41
DA:161,31
DA:162,31
DA:163,31
DA:164,155
DA:165,155
DA:166,31
DA:167,124
DA:168,124
DA:169,31
DA:170,31
DA:171,31
DA:172,1
DA:173,31
DA:174,31
DA:175,31
DA:176,31
DA:177,31
DA:178,60
DA:179,58
DA:180,58
DA:181,60
DA:182,1
DA:183,1
DA:184,1
DA:185,1
DA:186,1
DA:187,60
DA:188,31
DA:189,31
DA:190,1
DA:191,1
DA:192,1
DA:193,1
DA:194,31
DA:195,31
DA:196,31
DA:197,31
DA:198,31
DA:199,31
DA:200,31
DA:201,31
DA:202,31
DA:203,31
DA:204,31
DA:205,31
DA:206,31
DA:207,31
DA:208,31
DA:209,31
DA:210,31
DA:211,31
DA:212,31
LF:212
LH:212
BRDA:93,0,0,31
BRDA:93,1,0,0
BRDA:95,2,0,31
BRDA:96,3,0,31
BRDA:97,4,0,31
BRDA:98,5,0,31
BRDA:117,6,0,31
BRDA:119,7,0,60
BRDA:119,8,0,113
BRDA:123,9,0,31
BRDA:128,10,0,93
BRDA:129,11,0,12
BRDA:138,12,0,31
BRDA:163,13,0,155
BRDA:166,14,0,124
BRDA:145,15,0,279
BRDA:150,16,0,29
BRDA:151,17,0,250
BRDA:151,18,0,214
BRDA:152,19,0,209
BRDA:154,20,0,41
BRDA:173,21,0,31
BRDA:177,22,0,60
BRDA:178,23,0,2
BRDA:179,24,0,58
BRDA:181,25,0,3
BRDA:181,26,0,1
BRDA:179,27,0,83
BRDA:180,28,0,58
BRDA:193,29,0,31
BRF:30
BRH:29
end_of_record
TN:
SF:src\brevity.ts
FN:72,detectLanguage
FN:83,parseDiffOutput
FN:142,isSourceFile
FN:146,isInSkipDir
FN:150,extractSourceFilesFromCommand
FN:184,scanFile
FN:278,analyseBrevity
FN:293,analyseBrevityFromOutput
FN:325,normalizeRelPath
FN:329,buildReport
FNF:10
FNH:10
FNDA:19,detectLanguage
FNDA:7,parseDiffOutput
FNDA:20,isSourceFile
FNDA:22,isInSkipDir
FNDA:19,extractSourceFilesFromCommand
FNDA:19,scanFile
FNDA:19,analyseBrevity
FNDA:7,analyseBrevityFromOutput
FNDA:44,normalizeRelPath
FNDA:19,buildReport
DA:1,1
DA:2,1
DA:3,1
DA:4,1
DA:5,1
DA:6,1
DA:7,1
DA:8,1
DA:9,1
DA:10,1
DA:11,1
DA:12,1
DA:13,1
DA:14,1
DA:15,1
DA:16,1
DA:17,1
DA:18,1
DA:19,1
DA:20,1
DA:21,1
DA:22,1
DA:23,1
DA:24,1
DA:25,1
DA:26,1
DA:27,1
DA:28,1
DA:29,1
DA:30,1
DA:31,1
DA:32,1
DA:33,1
DA:34,1
DA:35,1
DA:36,1
DA:37,1
DA:38,1
DA:39,1
DA:40,1
DA:41,1
DA:42,1
DA:43,1
DA:44,1
DA:45,1
DA:46,1
DA:47,1
DA:48,1
DA:49,1
DA:50,1
DA:51,1
DA:52,1
DA:53,1
DA:54,1
DA:55,1
DA:56,1
DA:57,1
DA:58,1
DA:59,1
DA:60,1
DA:61,1
DA:62,1
DA:63,1
DA:64,1
DA:65,1
DA:66,1
DA:67,1
DA:68,1
DA:69,1
DA:70,1
DA:71,1
DA:72,19
DA:73,19
DA:74,19
DA:75,1
DA:76,0
DA:77,0
DA:78,0
DA:79,0
DA:80,1
DA:81,1
DA:82,1
DA:83,7
DA:84,7
DA:85,7
DA:86,7
DA:87,7
DA:88,7
DA:89,7
DA:90,7
DA:91,14
DA:92,14
DA:93,7
DA:94,7
DA:95,7
DA:96,13
DA:97,3
DA:98,3
DA:99,3
DA:100,3
DA:101,3
DA:102,4
DA:103,4
DA:104,4
DA:105,13
DA:106,0
DA:107,0
DA:108,0
DA:109,0
DA:110,0
DA:111,0
DA:112,0
DA:113,0
DA:114,0
DA:115,0
DA:116,0
DA:117,4
DA:118,4
DA:119,14
DA:120,2
DA:121,2
DA:122,2
DA:123,2
DA:124,2
DA:125,2
DA:126,14
DA:127,7
DA:128,7
DA:129,7
DA:130,1
DA:131,1
DA:132,1
DA:133,1
DA:134,1
DA:135,1
DA:136,1
DA:137,1
DA:138,1
DA:139,1
DA:140,1
DA:141,1
DA:142,20
DA:143,20
DA:144,20
DA:145,1
DA:146,22
DA:147,22
DA:148,22
DA:149,1
DA:150,19
DA:151,19
DA:152,19
DA:153,19
DA:154,38
DA:155,38
DA:156,38
DA:157,17
DA:158,17
DA:159,17
DA:160,2
DA:161,2
DA:162,2
DA:163,2
DA:164,2
DA:165,0
DA:166,0
DA:167,0
DA:168,0
DA:169,0
DA:170,0
DA:171,0
DA:172,0
DA:173,0
DA:174,0
DA:175,0
DA:176,2
DA:177,17
DA:178,38
DA:179,19
DA:180,19
DA:181,1
DA:182,1
DA:183,1
DA:184,19
DA:185,19
DA:186,19
DA:187,19
DA:188,19
DA:189,19
DA:190,19
DA:191,19
DA:192,19
DA:193,19
DA:194,19
DA:195,19
DA:196,19
DA:197,0
DA:198,0
DA:199,19
DA:200,19
DA:201,19
DA:202,19
DA:203,19
DA:204,19
DA:205,19
DA:206,19
DA:207,470
DA:208,470
DA:209,1
DA:210,1
DA:211,1
DA:212,1
DA:213,1
DA:214,1
DA:215,1
DA:216,470
DA:217,19
DA:218,19
DA:219,19
DA:220,19
DA:221,19
DA:222,1
DA:223,1
DA:224,1
DA:225,1
DA:226,1
DA:227,1
DA:228,1
DA:229,1
DA:230,19
DA:231,19
DA:232,19
DA:233,19
DA:234,19
DA:235,19
DA:236,19
DA:237,16
DA:238,16
DA:239,16
DA:240,2
DA:241,2
DA:242,2
DA:243,2
DA:244,2
DA:245,2
DA:246,2
DA:247,2
DA:248,16
DA:249,16
DA:250,15
DA:251,15
DA:252,3
DA:253,3
DA:254,3
DA:255,3
DA:256,3
DA:257,3
DA:258,3
DA:259,3
DA:260,15
DA:261,16
DA:262,19
DA:263,19
DA:264,19
DA:265,19
DA:266,19
DA:267,19
DA:268,19
DA:269,19
DA:270,19
DA:271,1
DA:272,1
DA:273,1
DA:274,1
DA:275,1
DA:276,1
DA:277,1
DA:278,1
DA:279,19
DA:280,19
DA:281,19
DA:282,19
DA:283,19
DA:284,19
DA:285,19
DA:286,14
DA:287,14
DA:288,14
DA:289,1
DA:290,1
DA:291,1
DA:292,1
DA:293,1
DA:294,7
DA:295,7
DA:296,7
DA:297,7
DA:298,7
DA:299,7
DA:300,7
DA:301,7
DA:302,7
DA:303,7
DA:304,7
DA:305,7
DA:306,2
DA:307,2
DA:308,2
DA:309,4
DA:310,4
DA:311,3
DA:312,0
DA:313,0
DA:314,0
DA:315,0
DA:316,0
DA:317,4
DA:318,2
DA:319,0
DA:320,0
DA:321,5
DA:322,7
DA:323,7
DA:324,1
DA:325,44
DA:326,44
DA:327,44
DA:328,1
DA:329,19
DA:330,19
DA:331,19
DA:332,19
DA:333,19
DA:334,19
DA:335,19
DA:336,19
DA:337,19
DA:338,19
DA:339,19
DA:340,19
DA:341,19
DA:342,19
DA:343,19
DA:344,19
DA:345,19
DA:346,19
DA:347,19
DA:348,19
DA:349,3
DA:350,3
DA:351,3
DA:352,2
DA:353,2
DA:354,2
DA:355,2
DA:356,2
DA:357,2
DA:358,2
DA:359,2
DA:360,2
DA:361,2
DA:362,3
DA:363,19
DA:364,19
DA:365,19
DA:366,19
DA:367,19
DA:368,19
DA:369,19
DA:370,19
DA:371,19
DA:372,19
DA:373,19
DA:374,19
DA:375,19
DA:376,19
DA:377,19
DA:378,19
DA:379,19
DA:380,19
DA:381,19
DA:382,19
DA:383,19
DA:384,19
LF:384
LH:349
BRDA:72,0,0,19
BRDA:74,1,0,18
BRDA:75,2,0,1
BRDA:76,3,0,0
BRDA:83,4,0,7
BRDA:90,5,0,14
BRDA:92,6,0,7
BRDA:93,7,0,13
BRDA:93,8,0,7
BRDA:96,9,0,3
BRDA:102,10,0,4
BRDA:105,11,0,0
BRDA:117,12,0,4
BRDA:119,13,0,2
BRDA:119,14,0,0
BRDA:119,15,0,2
BRDA:142,16,0,20
BRDA:146,17,0,22
BRDA:147,18,0,198
BRDA:150,19,0,19
BRDA:153,20,0,38
BRDA:154,21,0,0
BRDA:155,22,0,17
BRDA:156,23,0,21
BRDA:156,24,0,4
BRDA:156,25,0,4
BRDA:156,26,0,17
BRDA:158,27,0,1
BRDA:159,28,0,16
BRDA:159,29,0,15
BRDA:159,30,0,14
BRDA:160,31,0,2
BRDA:164,32,0,1
BRDA:164,33,0,0
BRDA:184,34,0,19
BRDA:196,35,0,0
BRDA:206,36,0,470
BRDA:208,37,0,1
BRDA:221,38,0,1
BRDA:236,39,0,16
BRDA:239,40,0,2
BRDA:249,41,0,15
BRDA:251,42,0,3
BRDA:278,43,0,19
BRDA:285,44,0,5
BRDA:286,45,0,14
BRDA:293,46,0,7
BRDA:305,47,0,2
BRDA:308,48,0,4
BRDA:310,49,0,2
BRDA:310,50,0,2
BRDA:310,51,0,2
BRDA:311,52,0,3
BRDA:311,53,0,2
BRDA:311,54,0,0
BRDA:319,55,0,0
BRDA:321,56,0,6
BRDA:321,57,0,5
BRDA:322,58,0,3
BRDA:322,59,0,2
BRDA:301,60,0,5
BRDA:302,61,0,5
BRDA:325,62,0,44
BRDA:329,63,0,19
BRDA:337,64,0,3
BRDA:338,65,0,16
BRDA:348,66,0,3
BRDA:351,67,0,2
BRDA:373,68,0,3
BRDA:373,69,0,3
BRDA:374,70,0,3
BRDA:374,71,0,3
BRDA:337,72,0,3
BRDA:381,73,0,19
BRF:74
BRH:66
end_of_record
TN:
SF:src\checker.ts
FN:18,flattenConcreteLeaves
FN:37,hasDraftNodes
FN:46,findNodeByPath
FN:70,isExecutablePredicate
FN:75,extractExecutableCommands
FN:89,isBranchLocked
FN:94,countDraftNodes
FN:113,computeProofFingerprint
FN:129,runCommand
FN:176,carryForwardNode
FN:192,carryForwardAll
FN:222,partitionLeaves
FN:254,flattenTargetLeaves
FN:270,collectAllLeaves
FN:291,checkDocument
FN:437,addDraftLeafResults
FN:458,carryForwardDrafts
FNF:17
FNH:13
FNDA:73,flattenConcreteLeaves
FNDA:16,hasDraftNodes
FNDA:10,findNodeByPath
FNDA:19,isExecutablePredicate
FNDA:5,extractExecutableCommands
FNDA:5,isBranchLocked
FNDA:60,countDraftNodes
FNDA:60,computeProofFingerprint
FNDA:36,runCommand
FNDA:0,carryForwardNode
FNDA:0,carryForwardAll
FNDA:53,partitionLeaves
FNDA:0,flattenTargetLeaves
FNDA:52,collectAllLeaves
FNDA:53,checkDocument
FNDA:52,addDraftLeafResults
FNDA:0,carryForwardDrafts
DA:1,1
DA:2,1
DA:3,1
DA:4,1
DA:5,1
DA:6,1
DA:7,1
DA:8,1
DA:9,1
DA:10,1
DA:11,1
DA:12,1
DA:13,1
DA:14,1
DA:15,1
DA:16,1
DA:17,1
DA:18,1
DA:19,73
DA:20,73
DA:21,73
DA:22,73
DA:23,73
DA:24,85
DA:25,85
DA:26,85
DA:27,3
DA:28,85
DA:29,75
DA:30,75
DA:31,85
DA:32,85
DA:33,73
DA:34,73
DA:35,1
DA:36,1
DA:37,1
DA:38,16
DA:39,22
DA:40,22
DA:41,22
DA:42,13
DA:43,13
DA:44,1
DA:45,1
DA:46,1
DA:47,10
DA:48,10
DA:49,10
DA:50,10
DA:51,14
DA:52,14
DA:53,12
DA:54,14
DA:55,10
DA:56,14
DA:57,8
DA:58,8
DA:59,9
DA:60,2
DA:61,2
DA:62,0
DA:63,0
DA:64,1
DA:65,1
DA:66,1
DA:67,1
DA:68,1
DA:69,1
DA:70,1
DA:71,19
DA:72,19
DA:73,1
DA:74,1
DA:75,1
DA:76,5
DA:77,5
DA:78,9
DA:79,5
DA:80,5
DA:81,9
DA:82,5
DA:83,5
DA:84,1
DA:85,1
DA:86,1
DA:87,1
DA:88,1
DA:89,1
DA:90,5
DA:91,5
DA:92,1
DA:93,1
DA:94,1
DA:95,60
DA:96,60
DA:97,67
DA:98,67
DA:99,67
DA:100,60
DA:101,60
DA:102,1
DA:103,1
DA:104,1
DA:105,1
DA:106,1
DA:107,1
DA:108,1
DA:109,1
DA:110,1
DA:111,1
DA:112,1
DA:113,1
DA:114,60
DA:115,60
DA:116,58
DA:117,58
DA:118,61
DA:119,61
DA:120,61
DA:121,61
DA:122,58
DA:123,58
DA:124,58
DA:125,58
DA:126,1
DA:127,1
DA:128,1
DA:129,36
DA:130,36
DA:131,36
DA:132,36
DA:133,36
DA:134,36
DA:135,36
DA:136,36
DA:137,36
DA:138,36
DA:139,36
DA:140,36
DA:141,36
DA:142,36
DA:143,31
DA:144,36
DA:145,5
DA:146,5
DA:147,5
DA:148,5
DA:149,5
DA:150,5
DA:151,5
DA:152,5
DA:153,5
DA:154,5
DA:155,0
DA:156,0
DA:157,5
DA:158,5
DA:159,5
DA:160,5
DA:161,0
DA:162,0
DA:163,5
DA:164,5
DA:165,5
DA:166,36
DA:167,1
DA:168,1
DA:169,1
DA:170,1
DA:171,1
DA:172,1
DA:173,1
DA:174,1
DA:175,1
DA:176,0
DA:177,0
DA:178,0
DA:179,0
DA:180,0
DA:181,0
DA:182,0
DA:183,0
DA:184,0
DA:185,0
DA:186,0
DA:187,1
DA:188,1
DA:189,1
DA:190,1
DA:191,1
DA:192,0
DA:193,0
DA:194,0
DA:195,0
DA:196,0
DA:197,0
DA:198,0
DA:199,0
DA:200,0
DA:201,0
DA:202,0
DA:203,0
DA:204,0
DA:205,0
DA:206,0
DA:207,0
DA:208,0
DA:209,0
DA:210,0
DA:211,0
DA:212,0
DA:213,0
DA:214,0
DA:215,0
DA:216,0
DA:217,1
DA:218,1
DA:219,1
DA:220,1
DA:221,1
DA:222,53
DA:223,53
DA:224,53
DA:225,53
DA:226,53
DA:227,52
DA:228,52
DA:229,52
DA:230,52
DA:231,52
DA:232,52
DA:233,1
DA:234,1
DA:235,1
DA:236,42
DA:237,1
DA:238,1
DA:239,1
DA:240,42
DA:241,0
DA:242,42
DA:243,1
DA:244,1
DA:245,1
DA:246,1
DA:247,1
DA:248,1
DA:249,1
DA:250,1
DA:251,1
DA:252,1
DA:253,1
DA:254,0
DA:255,0
DA:256,0
DA:257,0
DA:258,0
DA:259,0
DA:260,0
DA:261,0
DA:262,0
DA:263,0
DA:264,0
DA:265,0
DA:266,0
DA:267,0
DA:268,0
DA:269,1
DA:270,52
DA:271,52
DA:272,52
DA:273,52
DA:274,52
DA:275,52
DA:276,52
DA:277,56
DA:278,56
DA:279,56
DA:280,0
DA:281,56
DA:282,54
DA:283,56
DA:284,2
DA:285,2
DA:286,56
DA:287,52
DA:288,1
DA:289,1
DA:290,1
DA:291,1
DA:292,53
DA:293,53
DA:294,53
DA:295,53
DA:296,53
DA:297,53
DA:298,53
DA:299,53
DA:300,53
DA:301,53
DA:302,53
DA:303,53
DA:304,53
DA:305,53
DA:306,0
DA:307,0
DA:308,0
DA:309,0
DA:310,0
DA:311,0
DA:312,53
DA:313,53
DA:314,53
DA:315,53
DA:316,53
DA:317,53
DA:318,53
DA:319,55
DA:320,55
DA:321,55
DA:322,55
DA:323,55
DA:324,55
DA:325,24
DA:326,24
DA:327,55
DA:328,4
DA:329,4
DA:330,55
DA:331,55
DA:332,55
DA:333,4
DA:334,4
DA:335,55
DA:336,53
DA:337,53
DA:338,53
DA:339,52
DA:340,52
DA:341,53
DA:342,53
DA:343,53
DA:344,53
DA:345,3
DA:346,3
DA:347,3
DA:348,2
DA:349,3
DA:350,1
DA:351,1
DA:352,1
DA:353,1
DA:354,3
DA:355,3
DA:356,53
DA:357,53
DA:358,53
DA:359,53
DA:360,53
DA:361,53
DA:362,53
DA:363,53
DA:364,53
DA:365,53
DA:366,53
DA:367,53
DA:368,53
DA:369,53
DA:370,53
DA:371,53
DA:372,53
DA:373,53
DA:374,53
DA:375,53
DA:376,53
DA:377,52
DA:378,52
DA:379,51
DA:380,51
DA:381,49
DA:382,49
DA:383,25
DA:384,53
DA:385,53
DA:386,53
DA:387,53
DA:388,53
DA:389,53
DA:390,53
DA:391,53
DA:392,53
DA:393,53
DA:394,53
DA:395,53
DA:396,53
DA:397,3
DA:398,53
DA:399,1
DA:400,1
DA:401,53
DA:402,53
DA:403,1
DA:404,1
DA:405,1
DA:406,53
DA:407,53
DA:408,0
DA:409,0
DA:410,53
DA:411,53
DA:412,2
DA:413,2
DA:414,53
DA:415,53
DA:416,53
DA:417,53
DA:418,52
DA:419,53
DA:420,53
DA:421,53
DA:422,53
DA:423,53
DA:424,53
DA:425,53
DA:426,53
DA:427,53
DA:428,53
DA:429,53
DA:430,53
DA:431,53
DA:432,53
DA:433,53
DA:434,53
DA:435,1
DA:436,1
DA:437,52
DA:438,52
DA:439,56
DA:440,56
DA:441,56
DA:442,0
DA:443,56
DA:444,2
DA:445,2
DA:446,2
DA:447,2
DA:448,2
DA:449,2
DA:450,2
DA:451,2
DA:452,2
DA:453,2
DA:454,56
DA:455,52
DA:456,1
DA:457,1
DA:458,0
DA:459,0
DA:460,0
DA:461,0
DA:462,0
DA:463,0
DA:464,0
DA:465,0
DA:466,0
DA:467,0
DA:468,0
DA:469,0
DA:470,0
DA:471,0
DA:472,0
DA:473,0
DA:474,0
DA:475,0
DA:476,0
DA:477,0
DA:478,0
LF:478
LH:389
BRDA:18,0,0,73
BRDA:23,1,0,85
BRDA:25,2,0,3
BRDA:25,3,0,82
BRDA:26,4,0,3
BRDA:26,5,0,3
BRDA:28,6,0,82
BRDA:28,7,0,75
BRDA:37,8,0,16
BRDA:38,9,0,22
BRDA:39,10,0,20
BRDA:39,11,0,2
BRDA:40,12,0,3
BRDA:40,13,0,1
BRDA:42,14,0,13
BRDA:46,15,0,10
BRDA:47,16,0,0
BRDA:50,17,0,14
BRDA:52,18,0,2
BRDA:53,19,0,12
BRDA:54,20,0,12
BRDA:54,21,0,2
BRDA:55,22,0,10
BRDA:56,23,0,2
BRDA:56,24,0,0
BRDA:56,25,0,8
BRDA:59,26,0,9
BRDA:59,27,0,2
BRDA:59,28,0,0
BRDA:60,29,0,2
BRDA:62,30,0,0
BRDA:70,31,0,19
BRDA:71,32,0,16
BRDA:75,33,0,5
BRDA:77,34,0,9
BRDA:78,35,0,5
BRDA:89,36,0,5
BRDA:94,37,0,60
BRDA:96,38,0,67
BRDA:97,39,0,7
BRDA:98,40,0,2
BRDA:113,41,0,60
BRDA:115,42,0,2
BRDA:116,43,0,58
BRDA:117,44,0,61
BRDA:118,45,0,13
BRDA:119,46,0,0
BRDA:120,47,0,2
BRDA:129,48,0,36
BRDA:135,49,0,0
BRDA:143,50,0,31
BRDA:144,51,0,5
BRDA:146,52,0,0
BRDA:149,53,0,0
BRDA:150,54,0,0
BRDA:151,55,0,0
BRDA:154,56,0,0
BRDA:159,57,0,0
BRDA:160,58,0,0
BRDA:222,59,0,53
BRDA:226,60,0,52
BRDA:233,61,0,42
BRDA:233,62,0,1
BRDA:236,63,0,0
BRDA:237,64,0,1
BRDA:240,65,0,0
BRDA:242,66,0,1
BRDA:231,67,0,54
BRDA:248,68,0,1
BRDA:249,69,0,1
BRDA:270,70,0,52
BRDA:276,71,0,56
BRDA:278,72,0,0
BRDA:279,73,0,0
BRDA:279,74,0,0
BRDA:281,75,0,54
BRDA:283,76,0,2
BRDA:291,77,0,53
BRDA:297,78,0,15
BRDA:305,79,0,1
BRDA:305,80,0,0
BRDA:318,81,0,55
BRDA:320,82,0,15
BRDA:320,83,0,41
BRDA:324,84,0,25
BRDA:324,85,0,24
BRDA:327,86,0,4
BRDA:327,87,0,4
BRDA:331,88,0,51
BRDA:332,89,0,4
BRDA:332,90,0,4
BRDA:338,91,0,52
BRDA:344,92,0,3
BRDA:345,93,0,0
BRDA:347,94,0,2
BRDA:349,95,0,1
BRDA:352,96,0,0
BRDA:361,97,0,52
BRDA:361,98,0,50
BRDA:361,99,0,26
BRDA:365,100,0,52
BRDA:365,101,0,0
BRDA:371,102,0,2
BRDA:375,103,0,1
BRDA:376,104,0,52
BRDA:377,105,0,1
BRDA:378,106,0,51
BRDA:379,107,0,2
BRDA:380,108,0,49
BRDA:381,109,0,24
BRDA:382,110,0,25
BRDA:383,111,0,3
BRDA:384,112,0,22
BRDA:390,113,0,1
BRDA:391,114,0,52
BRDA:391,115,0,2
BRDA:391,116,0,50
BRDA:396,117,0,3
BRDA:398,118,0,50
BRDA:398,119,0,49
BRDA:398,120,0,1
BRDA:402,121,0,1
BRDA:407,122,0,0
BRDA:411,123,0,52
BRDA:411,124,0,2
BRDA:411,125,0,2
BRDA:416,126,0,1
BRDA:417,127,0,52
BRDA:418,128,0,7
BRDA:419,129,0,45
BRDA:431,130,0,1
BRDA:431,131,0,52
BRDA:432,132,0,1
BRDA:432,133,0,52
BRDA:357,134,0,1
BRDA:358,135,0,1
BRDA:386,136,0,57
BRDA:387,137,0,57
BRDA:403,138,0,1
BRDA:437,139,0,52
BRDA:438,140,0,56
BRDA:440,141,0,0
BRDA:441,142,0,0
BRDA:441,143,0,0
BRDA:443,144,0,2
BRDA:448,145,0,0
BRF:146
BRH:119
end_of_record
TN:
SF:src\command-check.ts
FN:33,isQuote
FN:35,splitCommands
FN:50,skipRedirection
FN:64,extractQuotedToken
FN:71,extractBareToken
FN:78,isShellAssignment
FN:83,firstToken
FN:97,hasAlnum
FN:99,extractCommandNames
FN:112,onPath
FN:127,looksLikePath
FN:131,toolExists
FN:148,resolvePathExists
FN:158,findMissingTools
FN:174,suggestionFor
FNF:15
FNH:14
FNDA:480,isQuote
FNDA:25,splitCommands
FNDA:33,skipRedirection
FNDA:2,extractQuotedToken
FNDA:33,extractBareToken
FNDA:33,isShellAssignment
FNDA:33,firstToken
FNDA:33,hasAlnum
FNDA:25,extractCommandNames
FNDA:3,onPath
FNDA:3,looksLikePath
FNDA:4,toolExists
FNDA:0,resolvePathExists
FNDA:5,findMissingTools
FNDA:13,suggestionFor
DA:1,1
DA:2,1
DA:3,1
DA:4,1
DA:5,1
DA:6,1
DA:7,1
DA:8,1
DA:9,1
DA:10,1
DA:11,1
DA:12,1
DA:13,1
DA:14,1
DA:15,1
DA:16,1
DA:17,1
DA:18,1
DA:19,1
DA:20,1
DA:21,1
DA:22,1
DA:23,1
DA:24,1
DA:25,1
DA:26,1
DA:27,1
DA:28,1
DA:29,1
DA:30,1
DA:31,1
DA:32,1
DA:33,480
DA:34,1
DA:35,1
DA:36,25
DA:37,25
DA:38,25
DA:39,25
DA:40,25
DA:41,513
DA:42,513
DA:43,513
DA:44,428
DA:45,428
DA:46,25
DA:47,25
DA:48,25
DA:49,1
DA:50,33
DA:51,33
DA:52,33
DA:53,33
DA:54,34
DA:55,34
DA:56,1
DA:57,1
DA:58,1
DA:59,1
DA:60,34
DA:61,33
DA:62,33
DA:63,1
DA:64,2
DA:65,2
DA:66,2
DA:67,2
DA:68,2
DA:69,2
DA:70,1
DA:71,33
DA:72,33
DA:73,33
DA:74,33
DA:75,33
DA:76,33
DA:77,1
DA:78,33
DA:79,33
DA:80,33
DA:81,33
DA:82,1
DA:83,33
DA:84,33
DA:85,33
DA:86,35
DA:87,2
DA:88,2
DA:89,2
DA:90,33
DA:91,35
DA:92,31
DA:93,31
DA:94,0
DA:95,0
DA:96,1
DA:97,33
DA:98,1
DA:99,1
DA:100,25
DA:101,25
DA:102,33
DA:103,33
DA:104,33
DA:105,25
DA:106,25
DA:107,1
DA:108,1
DA:109,1
DA:110,1
DA:111,1
DA:112,3
DA:113,3
DA:114,3
DA:115,3
DA:116,3
DA:117,0
DA:118,0
DA:119,1
DA:120,3
DA:121,2
DA:122,2
DA:123,2
DA:124,2
DA:125,3
DA:126,1
DA:127,3
DA:128,3
DA:129,3
DA:130,1
DA:131,4
DA:132,4
DA:133,4
DA:134,4
DA:135,3
DA:136,3
DA:137,4
DA:138,0
DA:139,4
DA:140,0
DA:141,3
DA:142,3
DA:143,3
DA:144,3
DA:145,3
DA:146,3
DA:147,1
DA:148,0
DA:149,0
DA:150,0
DA:151,0
DA:152,0
DA:153,0
DA:154,0
DA:155,1
DA:156,1
DA:157,1
DA:158,1
DA:159,5
DA:160,5
DA:161,5
DA:162,5
DA:163,5
DA:164,4
DA:165,4
DA:166,4
DA:167,4
DA:168,4
DA:169,4
DA:170,4
DA:171,5
DA:172,5
DA:173,1
DA:174,1
DA:175,13
DA:176,13
DA:177,1
DA:178,1
DA:179,1
LF:179
LH:166
BRDA:33,0,0,480
BRDA:33,1,0,477
BRDA:35,2,0,25
BRDA:40,3,0,513
BRDA:41,4,0,68
BRDA:41,5,0,3
BRDA:42,6,0,445
BRDA:42,7,0,3
BRDA:43,8,0,442
BRDA:43,9,0,14
BRDA:43,10,0,12
BRDA:44,11,0,428
BRDA:46,12,0,21
BRDA:50,13,0,33
BRDA:53,14,0,34
BRDA:55,15,0,1
BRDA:57,16,0,0
BRDA:64,17,0,2
BRDA:67,18,0,0
BRDA:68,19,0,0
BRDA:68,20,0,0
BRDA:71,21,0,33
BRDA:73,22,0,0
BRDA:74,23,0,0
BRDA:78,24,0,33
BRDA:79,25,0,0
BRDA:83,26,0,33
BRDA:85,27,0,35
BRDA:86,28,0,2
BRDA:90,29,0,33
BRDA:91,30,0,2
BRDA:92,31,0,31
BRDA:94,32,0,0
BRDA:97,33,0,33
BRDA:99,34,0,25
BRDA:101,35,0,33
BRDA:103,36,0,32
BRDA:112,37,0,3
BRDA:116,38,0,1
BRDA:116,39,0,0
BRDA:119,40,0,1
BRDA:120,41,0,2
BRDA:121,42,0,0
BRDA:127,43,0,3
BRDA:131,44,0,4
BRDA:132,45,0,0
BRDA:134,46,0,1
BRDA:135,47,0,3
BRDA:137,48,0,0
BRDA:139,49,0,3
BRDA:139,50,0,0
BRDA:158,51,0,5
BRDA:163,52,0,4
BRDA:166,53,0,0
BRDA:168,54,0,3
BRDA:174,55,0,13
BRF:56
BRH:42
end_of_record
TN:
SF:src\evaluate-proof.ts
FN:10,parseStryker
FN:24,parseMutmut
FN:26,parseCargoMutants
FN:28,parseSurvivors
FN:40,mk
FN:43,buildManualOut
FN:51,buildAssertFail
FN:59,buildObsFail
FN:69,buildBrev
FN:91,hManual
FN:101,hExecFail
FN:108,hMutate
FN:122,hRegress
FN:145,hStream
FN:161,hAssert
FN:179,hObs
FN:201,hBrev
FN:225,hTdd
FN:255,executeProof
FN:282,evaluatePredicate
FNF:20
FNH:18
FNDA:7,parseStryker
FNDA:7,parseMutmut
FNDA:6,parseCargoMutants
FNDA:7,parseSurvivors
FNDA:55,mk
FNDA:1,buildManualOut
FNDA:4,buildAssertFail
FNDA:0,buildObsFail
FNDA:0,buildBrev
FNDA:5,hManual
FNDA:50,hExecFail
FNDA:3,hMutate
FNDA:2,hRegress
FNDA:1,hStream
FNDA:8,hAssert
FNDA:1,hObs
FNDA:1,hBrev
FNDA:7,hTdd
FNDA:55,executeProof
FNDA:27,evaluatePredicate
DA:1,1
DA:2,1
DA:3,1
DA:4,1
DA:5,1
DA:6,1
DA:7,1
DA:8,1
DA:9,1
DA:10,7
DA:11,7
DA:12,7
DA:13,7
DA:14,0
DA:15,0
DA:16,0
DA:17,0
DA:18,0
DA:19,0
DA:20,0
DA:21,0
DA:22,7
DA:23,7
DA:24,7
DA:25,7
DA:26,6
DA:27,6
DA:28,1
DA:29,7
DA:30,20
DA:31,20
DA:32,20
DA:33,2
DA:34,2
DA:35,1
DA:36,1
DA:37,1
DA:38,1
DA:39,1
DA:40,55
DA:41,55
DA:42,55
DA:43,1
DA:44,1
DA:45,1
DA:46,1
DA:47,1
DA:48,1
DA:49,1
DA:50,1
DA:51,4
DA:52,4
DA:53,4
DA:54,4
DA:55,4
DA:56,4
DA:57,4
DA:58,4
DA:59,0
DA:60,0
DA:61,0
DA:62,0
DA:63,0
DA:64,0
DA:65,0
DA:66,0
DA:67,0
DA:68,0
DA:69,0
DA:70,0
DA:71,0
DA:72,0
DA:73,0
DA:74,0
DA:75,0
DA:76,0
DA:77,0
DA:78,0
DA:79,0
DA:80,0
DA:81,0
DA:82,0
DA:83,0
DA:84,0
DA:85,0
DA:86,0
DA:87,0
DA:88,0
DA:89,0
DA:90,0
DA:91,5
DA:92,5
DA:93,5
DA:94,5
DA:95,5
DA:96,5
DA:97,1
DA:98,4
DA:99,4
DA:100,4
DA:101,50
DA:102,50
DA:103,50
DA:104,50
DA:105,0
DA:106,0
DA:107,0
DA:108,3
DA:109,3
DA:110,3
DA:111,3
DA:112,3
DA:113,3
DA:114,3
DA:115,1
DA:116,1
DA:117,2
DA:118,3
DA:119,3
DA:120,3
DA:121,3
DA:122,2
DA:123,2
DA:124,2
DA:125,2
DA:126,2
DA:127,2
DA:128,1
DA:129,1
DA:130,1
DA:131,1
DA:132,1
DA:133,1
DA:134,1
DA:135,1
DA:136,2
DA:137,2
DA:138,2
DA:139,2
DA:140,2
DA:141,2
DA:142,2
DA:143,2
DA:144,2
DA:145,1
DA:146,1
DA:147,1
DA:148,1
DA:149,0
DA:150,0
DA:151,1
DA:152,1
DA:153,0
DA:154,0
DA:155,1
DA:156,1
DA:157,1
DA:158,1
DA:159,1
DA:160,1
DA:161,8
DA:162,8
DA:163,8
DA:164,8
DA:165,8
DA:166,8
DA:167,8
DA:168,8
DA:169,2
DA:170,2
DA:171,6
DA:172,7
DA:173,4
DA:174,4
DA:175,2
DA:176,2
DA:177,2
DA:178,2
DA:179,1
DA:180,1
DA:181,1
DA:182,1
DA:183,1
DA:184,1
DA:185,1
DA:186,1
DA:187,1
DA:188,1
DA:189,1
DA:190,0
DA:191,0
DA:192,1
DA:193,0
DA:194,0
DA:195,0
DA:196,0
DA:197,0
DA:198,0
DA:199,0
DA:200,0
DA:201,1
DA:202,1
DA:203,1
DA:204,1
DA:205,1
DA:206,1
DA:207,1
DA:208,1
DA:209,1
DA:210,1
DA:211,1
DA:212,1
DA:213,1
DA:214,1
DA:215,1
DA:216,1
DA:217,1
DA:218,1
DA:219,1
DA:220,0
DA:221,1
DA:222,1
DA:223,1
DA:224,1
DA:225,7
DA:226,7
DA:227,7
DA:228,7
DA:229,7
DA:230,7
DA:231,7
DA:232,7
DA:233,3
DA:234,3
DA:235,7
DA:236,1
DA:237,1
DA:238,1
DA:239,1
DA:240,1
DA:241,7
DA:242,3
DA:243,3
DA:244,3
DA:245,1
DA:246,1
DA:247,2
DA:248,3
DA:249,3
DA:250,3
DA:251,0
DA:252,0
DA:253,0
DA:254,0
DA:255,1
DA:256,55
DA:257,55
DA:258,55
DA:259,55
DA:260,55
DA:261,55
DA:262,55
DA:263,50
DA:264,50
DA:265,55
DA:266,50
DA:267,55
DA:268,55
DA:269,55
DA:270,55
DA:271,55
DA:272,55
DA:273,55
DA:274,55
DA:275,55
DA:276,27
DA:277,55
DA:278,55
DA:279,55
DA:280,55
DA:281,55
DA:282,27
DA:283,27
DA:284,27
DA:285,27
DA:286,27
DA:287,27
DA:288,27
DA:289,27
DA:290,2
DA:291,27
DA:292,2
DA:293,27
DA:294,2
DA:295,27
DA:296,27
DA:297,27
DA:298,27
LF:298
LH:236
BRDA:10,0,0,7
BRDA:14,1,0,0
BRDA:22,2,0,0
BRDA:12,3,0,7
BRDA:12,4,0,0
BRDA:24,5,0,7
BRDA:25,6,0,1
BRDA:25,7,0,6
BRDA:26,8,0,6
BRDA:27,9,0,4
BRDA:27,10,0,2
BRDA:28,11,0,7
BRDA:29,12,0,20
BRDA:31,13,0,5
BRDA:33,14,0,2
BRDA:40,15,0,55
BRDA:43,16,0,1
BRDA:46,17,0,0
BRDA:47,18,0,0
BRDA:51,19,0,4
BRDA:55,20,0,3
BRDA:56,21,0,1
BRDA:52,22,0,4
BRDA:91,23,0,5
BRDA:93,24,0,1
BRDA:93,25,0,4
BRDA:95,26,0,1
BRDA:96,27,0,1
BRDA:97,28,0,0
BRDA:98,29,0,4
BRDA:101,30,0,50
BRDA:105,31,0,0
BRDA:108,32,0,3
BRDA:111,33,0,0
BRDA:114,34,0,1
BRDA:117,35,0,2
BRDA:118,36,0,1
BRDA:118,37,0,1
BRDA:119,38,0,1
BRDA:119,39,0,1
BRDA:122,40,0,2
BRDA:127,41,0,1
BRDA:136,42,0,0
BRDA:137,43,0,0
BRDA:139,44,0,0
BRDA:139,45,0,0
BRDA:140,46,0,0
BRDA:140,47,0,0
BRDA:141,48,0,0
BRDA:141,49,0,0
BRDA:142,50,0,0
BRDA:142,51,0,0
BRDA:145,52,0,1
BRDA:146,53,0,0
BRDA:148,54,0,0
BRDA:152,55,0,0
BRDA:157,56,0,0
BRDA:158,57,0,0
BRDA:155,58,0,1
BRDA:161,59,0,8
BRDA:165,60,0,4
BRDA:168,61,0,2
BRDA:171,62,0,7
BRDA:171,63,0,6
BRDA:172,64,0,4
BRDA:175,65,0,2
BRDA:179,66,0,1
BRDA:183,67,0,0
BRDA:190,68,0,0
BRDA:192,69,0,0
BRDA:192,70,0,0
BRDA:201,71,0,1
BRDA:205,72,0,0
BRDA:220,73,0,0
BRDA:221,74,0,0
BRDA:225,75,0,7
BRDA:229,76,0,4
BRDA:231,77,0,6
BRDA:232,78,0,5
BRDA:232,79,0,3
BRDA:235,80,0,4
BRDA:235,81,0,1
BRDA:235,82,0,5
BRDA:235,83,0,1
BRDA:241,84,0,3
BRDA:241,85,0,3
BRDA:243,86,0,2
BRDA:244,87,0,2
BRDA:244,88,0,1
BRDA:248,89,0,1
BRDA:248,90,0,1
BRDA:251,91,0,0
BRDA:255,92,0,55
BRDA:261,93,0,51
BRDA:262,94,0,5
BRDA:263,95,0,50
BRDA:265,96,0,0
BRDA:266,97,0,50
BRDA:267,98,0,3
BRDA:268,99,0,2
BRDA:269,100,0,1
BRDA:270,101,0,8
BRDA:271,102,0,1
BRDA:272,103,0,1
BRDA:273,104,0,7
BRDA:274,105,0,27
BRDA:276,106,0,44
BRDA:276,107,0,27
BRDA:277,108,0,18
BRDA:277,109,0,9
BRDA:278,110,0,18
BRDA:279,111,0,9
BRDA:282,112,0,27
BRDA:286,113,0,17
BRDA:287,114,0,2
BRDA:288,115,0,2
BRDA:289,116,0,2
BRDA:291,117,0,2
BRDA:293,118,0,2
BRDA:295,119,0,0
BRDA:296,120,0,0
BRF:121
BRH:87
end_of_record
TN:
SF:src\find-functions.ts
FN:23,getIndent
FN:28,findBlockEnd
FN:53,findJsFunctions
FN:97,findPyFunctions
FN:111,findPyBlockEnd
FN:125,findRsFunctions
FN:141,findCsFunctions
FN:163,findFunctions
FN:189,stripCommentsAndStrings
FN:195,hasPattern
FN:202,checkCohesion
FNF:11
FNH:9
FNDA:37,getIndent
FNDA:15,findBlockEnd
FNDA:18,findJsFunctions
FNDA:1,findPyFunctions
FNDA:1,findPyBlockEnd
FNDA:0,findRsFunctions
FNDA:0,findCsFunctions
FNDA:19,findFunctions
FNDA:129,stripCommentsAndStrings
FNDA:30,hasPattern
FNDA:15,checkCohesion
DA:1,1
DA:2,1
DA:3,1
DA:4,1
DA:5,1
DA:6,1
DA:7,1
DA:8,1
DA:9,1
DA:10,1
DA:11,1
DA:12,1
DA:13,1
DA:14,1
DA:15,1
DA:16,1
DA:17,1
DA:18,1
DA:19,1
DA:20,1
DA:21,1
DA:22,1
DA:23,37
DA:24,37
DA:25,37
DA:26,37
DA:27,1
DA:28,1
DA:29,15
DA:30,15
DA:31,15
DA:32,15
DA:33,15
DA:34,15
DA:35,102
DA:36,102
DA:37,102
DA:38,102
DA:39,1677
DA:40,1677
DA:41,1677
DA:42,1677
DA:43,1677
DA:44,1677
DA:45,1244
DA:46,1677
DA:47,87
DA:48,0
DA:49,0
DA:50,1
DA:51,1
DA:52,1
DA:53,1
DA:54,18
DA:55,18
DA:56,376
DA:57,376
DA:58,376
DA:59,20
DA:60,376
DA:61,15
DA:62,15
DA:63,15
DA:64,15
DA:65,15
DA:66,15
DA:67,5
DA:68,376
DA:69,0
DA:70,0
DA:71,0
DA:72,0
DA:73,0
DA:74,0
DA:75,5
DA:76,376
DA:77,0
DA:78,0
DA:79,0
DA:80,0
DA:81,0
DA:82,0
DA:83,5
DA:84,376
DA:85,0
DA:86,0
DA:87,0
DA:88,0
DA:89,0
DA:90,0
DA:91,376
DA:92,18
DA:93,18
DA:94,1
DA:95,1
DA:96,1
DA:97,1
DA:98,1
DA:99,1
DA:100,1
DA:101,1
DA:102,1
DA:103,1
DA:104,1
DA:105,1
DA:106,1
DA:107,1
DA:108,1
DA:109,1
DA:110,1
DA:111,1
DA:112,1
DA:113,1
DA:114,1
DA:115,6
DA:116,6
DA:117,6
DA:118,6
DA:119,6
DA:120,1
DA:121,1
DA:122,1
DA:123,1
DA:124,1
DA:125,1
DA:126,0
DA:127,0
DA:128,0
DA:129,0
DA:130,0
DA:131,0
DA:132,0
DA:133,0
DA:134,0
DA:135,0
DA:136,0
DA:137,0
DA:138,1
DA:139,1
DA:140,1
DA:141,1
DA:142,0
DA:143,0
DA:144,0
DA:145,0
DA:146,0
DA:147,0
DA:148,0
DA:149,0
DA:150,0
DA:151,0
DA:152,0
DA:153,0
DA:154,0
DA:155,0
DA:156,0
DA:157,0
DA:158,0
DA:159,0
DA:160,1
DA:161,1
DA:162,1
DA:163,1
DA:164,19
DA:165,19
DA:166,19
DA:167,19
DA:168,19
DA:169,19
DA:170,19
DA:171,19
DA:172,1
DA:173,1
DA:174,1
DA:175,1
DA:176,1
DA:177,1
DA:178,1
DA:179,1
DA:180,1
DA:181,1
DA:182,1
DA:183,1
DA:184,1
DA:185,1
DA:186,1
DA:187,1
DA:188,1
DA:189,129
DA:190,129
DA:191,129
DA:192,129
DA:193,129
DA:194,1
DA:195,30
DA:196,30
DA:197,129
DA:198,129
DA:199,22
DA:200,22
DA:201,1
DA:202,1
DA:203,15
DA:204,15
DA:205,15
DA:206,15
DA:207,15
DA:208,15
DA:209,15
DA:210,15
DA:211,15
DA:212,15
DA:213,15
LF:213
LH:163
BRDA:23,0,0,37
BRDA:25,1,0,0
BRDA:28,2,0,15
BRDA:32,3,0,0
BRDA:34,4,0,102
BRDA:37,5,0,15
BRDA:37,6,0,87
BRDA:38,7,0,1677
BRDA:40,8,0,1590
BRDA:40,9,0,87
BRDA:41,10,0,366
BRDA:41,11,0,48
BRDA:41,12,0,48
BRDA:42,13,0,1311
BRDA:42,14,0,1263
BRDA:42,15,0,1263
BRDA:42,16,0,48
BRDA:43,17,0,1263
BRDA:43,18,0,0
BRDA:43,19,0,0
BRDA:43,20,0,0
BRDA:44,21,0,1263
BRDA:44,22,0,19
BRDA:45,23,0,1244
BRDA:45,24,0,19
BRDA:45,25,0,15
BRDA:45,26,0,15
BRDA:47,27,0,87
BRDA:48,28,0,0
BRDA:53,29,0,18
BRDA:55,30,0,376
BRDA:58,31,0,373
BRDA:58,32,0,21
BRDA:58,33,0,356
BRDA:59,34,0,20
BRDA:60,35,0,15
BRDA:67,36,0,5
BRDA:68,37,0,0
BRDA:68,38,0,0
BRDA:75,39,0,5
BRDA:76,40,0,0
BRDA:83,41,0,5
BRDA:84,42,0,0
BRDA:97,43,0,1
BRDA:101,44,0,0
BRDA:111,45,0,1
BRDA:114,46,0,6
BRDA:116,47,0,0
BRDA:117,48,0,0
BRDA:163,49,0,19
BRDA:165,50,0,18
BRDA:166,51,0,1
BRDA:167,52,0,0
BRDA:168,53,0,0
BRDA:169,54,0,0
BRDA:189,55,0,129
BRDA:195,56,0,30
BRDA:196,57,0,129
BRDA:197,58,0,8
BRDA:199,59,0,22
BRDA:202,60,0,15
BRDA:206,61,0,0
BRDA:209,62,0,0
BRDA:212,63,0,4
BRF:64
BRH:46
end_of_record
TN:
SF:src\format-result.ts
FN:3,formatCheckResult
FNF:1
FNH:1
FNDA:5,formatCheckResult
DA:1,1
DA:2,1
DA:3,1
DA:4,5
DA:5,5
DA:6,5
DA:7,5
DA:8,5
DA:9,5
DA:10,1
DA:11,1
DA:12,1
DA:13,5
DA:14,5
DA:15,0
DA:16,0
DA:17,0
DA:18,0
DA:19,0
DA:20,5
DA:21,5
DA:22,1
DA:23,1
DA:24,1
DA:25,1
DA:26,5
DA:27,5
DA:28,1
DA:29,1
DA:30,1
DA:31,5
DA:32,5
DA:33,0
DA:34,0
DA:35,0
DA:36,0
DA:37,0
DA:38,0
DA:39,0
DA:40,5
DA:41,5
DA:42,5
DA:43,5
DA:44,7
DA:45,7
DA:46,7
DA:47,7
DA:48,5
DA:49,5
DA:50,7
DA:51,7
DA:52,7
DA:53,7
DA:54,7
DA:55,7
DA:56,7
DA:57,7
DA:58,7
DA:59,7
DA:60,7
DA:61,7
DA:62,7
DA:63,7
DA:64,7
DA:65,7
DA:66,7
DA:67,7
DA:68,7
DA:69,7
DA:70,7
DA:71,7
DA:72,7
DA:73,1
DA:74,7
DA:75,4
DA:76,4
DA:77,0
DA:78,4
DA:79,4
DA:80,4
DA:81,6
DA:82,1
DA:83,1
DA:84,1
DA:85,1
DA:86,0
DA:87,0
DA:88,1
DA:89,1
DA:90,1
DA:91,1
DA:92,1
DA:93,1
DA:94,1
DA:95,7
DA:96,7
DA:97,7
DA:98,5
DA:99,5
DA:100,5
DA:101,5
DA:102,5
DA:103,5
DA:104,5
LF:104
LH:89
BRDA:3,0,0,5
BRDA:9,1,0,1
BRDA:14,2,0,0
BRDA:21,3,0,1
BRDA:27,4,0,1
BRDA:32,5,0,0
BRDA:43,6,0,7
BRDA:49,7,0,7
BRDA:56,8,0,1
BRDA:56,9,0,6
BRDA:56,10,0,1
BRDA:56,11,0,5
BRDA:57,12,0,1
BRDA:57,13,0,6
BRDA:57,14,0,1
BRDA:57,15,0,5
BRDA:58,16,0,0
BRDA:60,17,0,4
BRDA:60,18,0,3
BRDA:61,19,0,1
BRDA:61,20,0,6
BRDA:62,21,0,1
BRDA:62,22,0,6
BRDA:63,23,0,1
BRDA:63,24,0,6
BRDA:72,25,0,1
BRDA:74,26,0,6
BRDA:74,27,0,4
BRDA:76,28,0,0
BRDA:81,29,0,2
BRDA:81,30,0,1
BRDA:82,31,0,0
BRDA:85,32,0,0
BRDA:90,33,0,0
BRDA:91,34,0,0
BRDA:50,35,0,7
BRDA:51,36,0,7
BRDA:52,37,0,7
BRDA:53,38,0,7
BRF:39
BRH:31
end_of_record
TN:
SF:src\manual.ts
FN:30,perProofFingerprint
FN:51,resolveManual
FNF:2
FNH:2
FNDA:27,perProofFingerprint
FNDA:9,resolveManual
DA:1,1
DA:2,1
DA:3,1
DA:4,1
DA:5,1
DA:6,1
DA:7,1
DA:8,1
DA:9,1
DA:10,1
DA:11,1
DA:12,1
DA:13,1
DA:14,1
DA:15,1
DA:16,1
DA:17,1
DA:18,1
DA:19,1
DA:20,1
DA:21,1
DA:22,1
DA:23,1
DA:24,1
DA:25,1
DA:26,1
DA:27,1
DA:28,1
DA:29,1
DA:30,1
DA:31,27
DA:32,27
DA:33,27
DA:34,27
DA:35,27
DA:36,27
DA:37,27
DA:38,27
DA:39,1
DA:40,1
DA:41,1
DA:42,1
DA:43,1
DA:44,1
DA:45,1
DA:46,1
DA:47,1
DA:48,1
DA:49,1
DA:50,1
DA:51,1
DA:52,9
DA:53,9
DA:54,9
DA:55,9
DA:56,1
DA:57,1
DA:58,1
DA:59,1
DA:60,1
DA:61,1
DA:62,8
DA:63,8
DA:64,7
DA:65,7
DA:66,7
DA:67,7
DA:68,7
DA:69,7
DA:70,7
DA:71,7
DA:72,7
DA:73,7
DA:74,7
DA:75,9
DA:76,9
DA:77,9
LF:77
LH:77
BRDA:30,0,0,27
BRDA:32,1,0,0
BRDA:33,2,0,0
BRDA:34,3,0,26
BRDA:35,4,0,0
BRDA:51,5,0,9
BRDA:55,6,0,3
BRDA:55,7,0,2
BRDA:55,8,0,1
BRDA:59,9,0,0
BRDA:62,10,0,8
BRDA:64,11,0,7
BRDA:75,12,0,1
BRDA:75,13,0,6
BRF:14
BRH:10
end_of_record
TN:
SF:src\notify.ts
FN:12,playJingle
FN:126,showVerifyDialog
FNF:2
FNH:2
FNDA:24,playJingle
FNDA:27,showVerifyDialog
DA:1,1
DA:2,1
DA:3,1
DA:4,1
DA:5,1
DA:6,1
DA:7,1
DA:8,1
DA:9,1
DA:10,1
DA:11,1
DA:12,1
DA:13,24
DA:14,24
DA:15,24
DA:16,24
DA:17,24
DA:18,24
DA:19,24
DA:20,24
DA:21,24
DA:22,24
DA:23,24
DA:24,24
DA:25,24
DA:26,24
DA:27,24
DA:28,0
DA:29,0
DA:30,0
DA:31,24
DA:32,24
DA:33,24
DA:34,0
DA:35,0
DA:36,0
DA:37,0
DA:38,24
DA:39,1
DA:40,1
DA:41,1
DA:42,1
DA:43,1
DA:44,1
DA:45,1
DA:46,1
DA:47,1
DA:48,1
DA:49,1
DA:50,1
DA:51,1
DA:52,1
DA:53,1
DA:54,1
DA:55,1
DA:56,1
DA:57,1
DA:58,1
DA:59,1
DA:60,1
DA:61,1
DA:62,1
DA:63,1
DA:64,1
DA:65,1
DA:66,1
DA:67,1
DA:68,1
DA:69,1
DA:70,1
DA:71,1
DA:72,1
DA:73,1
DA:74,1
DA:75,1
DA:76,1
DA:77,1
DA:78,1
DA:79,1
DA:80,1
DA:81,1
DA:82,1
DA:83,1
DA:84,1
DA:85,1
DA:86,1
DA:87,1
DA:88,1
DA:89,1
DA:90,1
DA:91,1
DA:92,1
DA:93,1
DA:94,1
DA:95,1
DA:96,1
DA:97,1
DA:98,1
DA:99,1
DA:100,1
DA:101,1
DA:102,1
DA:103,1
DA:104,1
DA:105,1
DA:106,1
DA:107,1
DA:108,1
DA:109,1
DA:110,1
DA:111,1
DA:112,1
DA:113,1
DA:114,1
DA:115,1
DA:116,1
DA:117,1
DA:118,1
DA:119,1
DA:120,1
DA:121,1
DA:122,1
DA:123,1
DA:124,1
DA:125,1
DA:126,1
DA:127,27
DA:128,27
DA:129,27
DA:130,27
DA:131,27
DA:132,27
DA:133,27
DA:134,27
DA:135,27
DA:136,27
DA:137,27
DA:138,27
DA:139,27
DA:140,27
DA:141,27
DA:142,27
DA:143,11
DA:144,27
DA:145,27
DA:146,27
DA:147,25
DA:148,25
DA:149,25
DA:150,25
DA:151,25
DA:152,25
DA:153,15
DA:154,15
DA:155,15
DA:156,15
DA:157,27
DA:158,27
DA:159,1
DA:160,1
DA:161,1
DA:162,1
DA:163,27
DA:164,27
LF:164
LH:157
BRDA:12,0,0,24
BRDA:13,1,0,0
BRDA:33,2,0,0
BRDA:126,3,0,27
BRDA:127,4,0,0
BRDA:129,5,0,27
BRDA:158,6,0,1
BRDA:159,7,0,0
BRDA:142,8,0,11
BRDA:145,9,0,1
BRDA:146,10,0,25
BRDA:149,11,0,6
BRDA:149,12,0,4
BRDA:150,13,0,5
BRDA:150,14,0,3
BRDA:150,15,0,7
BRDA:152,16,0,15
BRDA:153,17,0,0
BRF:18
BRH:13
end_of_record
TN:
SF:src\observability.ts
FN:48,detectLanguage
FN:85,isLogStatement
FN:93,findErrorHandlers
FN:111,findJsErrorHandlers
FN:126,findPyErrorHandlers
FN:140,findRsErrorHandlers
FN:155,findCsErrorHandlers
FN:174,findBlockEnd
FN:226,getIndent
FN:233,isInlineEmptyCatch
FN:241,findPyBlockEnd
FN:258,detectAntiPatterns
FN:272,detectJsAntiPatterns
FN:303,detectPyAntiPatterns
FN:329,detectRsAntiPatterns
FN:353,isBareStaticLog
FN:362,isBareStaticJs
FN:383,isBareStaticPy
FN:399,isBareStaticRs
FN:413,splitArgs
FN:434,detectSwallowedErrors
FN:479,isSourceFile
FN:484,isInSkipDir
FN:494,extractSourceFilesFromOutput
FN:526,extractSourceFilesFromCommand
FN:571,scanFile
FN:612,analyseObservability
FN:672,analyseObservabilityFromOutput
FNF:28
FNH:28
FNDA:37,detectLanguage
FNDA:260,isLogStatement
FNDA:37,findErrorHandlers
FNDA:23,findJsErrorHandlers
FNDA:7,findPyErrorHandlers
FNDA:6,findRsErrorHandlers
FNDA:1,findCsErrorHandlers
FNDA:27,findBlockEnd
FNDA:54,getIndent
FNDA:66,isInlineEmptyCatch
FNDA:6,findPyBlockEnd
FNDA:37,detectAntiPatterns
FNDA:23,detectJsAntiPatterns
FNDA:7,detectPyAntiPatterns
FNDA:6,detectRsAntiPatterns
FNDA:49,isBareStaticLog
FNDA:27,isBareStaticJs
FNDA:11,isBareStaticPy
FNDA:11,isBareStaticRs
FNDA:38,splitArgs
FNDA:37,detectSwallowedErrors
FNDA:39,isSourceFile
FNDA:43,isInSkipDir
FNDA:4,extractSourceFilesFromOutput
FNDA:37,extractSourceFilesFromCommand
FNDA:37,scanFile
FNDA:37,analyseObservability
FNDA:4,analyseObservabilityFromOutput
DA:1,1
DA:2,1
DA:3,1
DA:4,1
DA:5,1
DA:6,1
DA:7,1
DA:8,1
DA:9,1
DA:10,1
DA:11,1
DA:12,1
DA:13,1
DA:14,1
DA:15,1
DA:16,1
DA:17,1
DA:18,1
DA:19,1
DA:20,1
DA:21,1
DA:22,1
DA:23,1
DA:24,1
DA:25,1
DA:26,1
DA:27,1
DA:28,1
DA:29,1
DA:30,1
DA:31,1
DA:32,1
DA:33,1
DA:34,1
DA:35,1
DA:36,1
DA:37,1
DA:38,1
DA:39,1
DA:40,1
DA:41,1
DA:42,1
DA:43,1
DA:44,1
DA:45,1
DA:46,1
DA:47,1
DA:48,37
DA:49,37
DA:50,37
DA:51,37
DA:52,37
DA:53,1
DA:54,0
DA:55,0
DA:56,1
DA:57,1
DA:58,1
DA:59,1
DA:60,1
DA:61,1
DA:62,1
DA:63,1
DA:64,1
DA:65,1
DA:66,1
DA:67,1
DA:68,1
DA:69,1
DA:70,1
DA:71,1
DA:72,1
DA:73,1
DA:74,1
DA:75,1
DA:76,1
DA:77,1
DA:78,1
DA:79,1
DA:80,1
DA:81,1
DA:82,1
DA:83,1
DA:84,1
DA:85,260
DA:86,260
DA:87,260
DA:88,260
DA:89,260
DA:90,1
DA:91,1
DA:92,1
DA:93,37
DA:94,37
DA:95,37
DA:96,37
DA:97,37
DA:98,37
DA:99,37
DA:100,37
DA:101,37
DA:102,1
DA:103,1
DA:104,1
DA:105,1
DA:106,1
DA:107,1
DA:108,1
DA:109,1
DA:110,1
DA:111,23
DA:112,23
DA:113,23
DA:114,66
DA:115,66
DA:116,66
DA:117,9
DA:118,9
DA:119,9
DA:120,9
DA:121,9
DA:122,66
DA:123,66
DA:124,66
DA:125,1
DA:126,7
DA:127,7
DA:128,7
DA:129,24
DA:130,24
DA:131,3
DA:132,3
DA:133,3
DA:134,3
DA:135,3
DA:136,24
DA:137,24
DA:138,24
DA:139,1
DA:140,6
DA:141,6
DA:142,6
DA:143,21
DA:144,21
DA:145,21
DA:146,4
DA:147,4
DA:148,4
DA:149,4
DA:150,4
DA:151,21
DA:152,21
DA:153,21
DA:154,1
DA:155,1
DA:156,1
DA:157,1
DA:158,3
DA:159,3
DA:160,0
DA:161,0
DA:162,0
DA:163,0
DA:164,0
DA:165,3
DA:166,3
DA:167,3
DA:168,1
DA:169,1
DA:170,1
DA:171,1
DA:172,1
DA:173,1
DA:174,27
DA:175,27
DA:176,27
DA:177,27
DA:178,27
DA:179,27
DA:180,27
DA:181,27
DA:182,306
DA:183,306
DA:184,27
DA:185,27
DA:186,27
DA:187,27
DA:188,27
DA:189,75
DA:190,75
DA:191,75
DA:192,75
DA:193,75
DA:194,898
DA:195,898
DA:196,898
DA:197,898
DA:198,121
DA:199,121
DA:200,121
DA:201,777
DA:202,898
DA:203,11
DA:204,11
DA:205,11
DA:206,766
DA:207,766
DA:208,898
DA:209,0
DA:210,0
DA:211,766
DA:212,898
DA:213,731
DA:214,35
DA:215,35
DA:216,35
DA:217,35
DA:218,27
DA:219,27
DA:220,35
DA:221,898
DA:222,48
DA:223,0
DA:224,0
DA:225,1
DA:226,54
DA:227,54
DA:228,54
DA:229,54
DA:230,1
DA:231,1
DA:232,1
DA:233,66
DA:234,66
DA:235,66
DA:236,66
DA:237,66
DA:238,66
DA:239,1
DA:240,1
DA:241,6
DA:242,6
DA:243,6
DA:244,6
DA:245,6
DA:246,6
DA:247,12
DA:248,12
DA:249,12
DA:250,12
DA:251,8
DA:252,8
DA:253,4
DA:254,4
DA:255,1
DA:256,1
DA:257,1
DA:258,37
DA:259,37
DA:260,37
DA:261,37
DA:262,37
DA:263,37
DA:264,37
DA:265,37
DA:266,37
DA:267,37
DA:268,37
DA:269,37
DA:270,1
DA:271,1
DA:272,23
DA:273,23
DA:274,23
DA:275,66
DA:276,66
DA:277,66
DA:278,66
DA:279,66
DA:280,66
DA:281,66
DA:282,66
DA:283,66
DA:284,4
DA:285,4
DA:286,4
DA:287,62
DA:288,66
DA:289,5
DA:290,5
DA:291,5
DA:292,0
DA:293,0
DA:294,5
DA:295,62
DA:296,66
DA:297,15
DA:298,15
DA:299,66
DA:300,66
DA:301,66
DA:302,1
DA:303,7
DA:304,7
DA:305,7
DA:306,24
DA:307,24
DA:308,24
DA:309,0
DA:310,0
DA:311,0
DA:312,24
DA:313,24
DA:314,3
DA:315,3
DA:316,3
DA:317,3
DA:318,2
DA:319,2
DA:320,3
DA:321,24
DA:322,24
DA:323,6
DA:324,6
DA:325,24
DA:326,24
DA:327,24
DA:328,1
DA:329,6
DA:330,6
DA:331,6
DA:332,21
DA:333,21
DA:334,21
DA:335,1
DA:336,1
DA:337,1
DA:338,20
DA:339,21
DA:340,7
DA:341,7
DA:342,21
DA:343,6
DA:344,6
DA:345,1
DA:346,1
DA:347,1
DA:348,1
DA:349,1
DA:350,1
DA:351,1
DA:352,1
DA:353,49
DA:354,49
DA:355,49
DA:356,49
DA:357,49
DA:358,49
DA:359,49
DA:360,49
DA:361,1
DA:362,27
DA:363,27
DA:364,27
DA:365,27
DA:366,27
DA:367,27
DA:368,27
DA:369,27
DA:370,27
DA:371,27
DA:372,27
DA:373,27
DA:374,27
DA:375,27
DA:376,27
DA:377,17
DA:378,17
DA:379,27
DA:380,2
DA:381,2
DA:382,1
DA:383,11
DA:384,11
DA:385,11
DA:386,11
DA:387,11
DA:388,11
DA:389,11
DA:390,11
DA:391,8
DA:392,11
DA:393,11
DA:394,6
DA:395,11
DA:396,0
DA:397,0
DA:398,1
DA:399,11
DA:400,11
DA:401,11
DA:402,11
DA:403,10
DA:404,10
DA:405,11
DA:406,7
DA:407,7
DA:408,11
DA:409,7
DA:410,7
DA:411,1
DA:412,1
DA:413,38
DA:414,38
DA:415,38
DA:416,38
DA:417,38
DA:418,501
DA:419,492
DA:420,501
DA:421,12
DA:422,12
DA:423,501
DA:424,489
DA:425,489
DA:426,501
DA:427,38
DA:428,38
DA:429,38
DA:430,38
DA:431,1
DA:432,1
DA:433,1
DA:434,37
DA:435,37
DA:436,37
DA:437,37
DA:438,37
DA:439,37
DA:440,37
DA:441,37
DA:442,37
DA:443,37
DA:444,37
DA:445,24
DA:446,37
DA:447,69
DA:448,69
DA:449,9
DA:450,9
DA:451,9
DA:452,9
DA:453,9
DA:454,9
DA:455,9
DA:456,9
DA:457,69
DA:458,3
DA:459,3
DA:460,3
DA:461,3
DA:462,3
DA:463,3
DA:464,3
DA:465,69
DA:466,69
DA:467,69
DA:468,1
DA:469,1
DA:470,1
DA:471,1
DA:472,1
DA:473,1
DA:474,1
DA:475,1
DA:476,1
DA:477,1
DA:478,1
DA:479,39
DA:480,39
DA:481,39
DA:482,39
DA:483,1
DA:484,43
DA:485,43
DA:486,43
DA:487,43
DA:488,1
DA:489,1
DA:490,1
DA:491,1
DA:492,1
DA:493,1
DA:494,4
DA:495,4
DA:496,4
DA:497,4
DA:498,4
DA:499,11
DA:500,11
DA:501,7
DA:502,11
DA:503,7
DA:504,11
DA:505,5
DA:506,5
DA:507,5
DA:508,5
DA:509,5
DA:510,5
DA:511,5
DA:512,3
DA:513,3
DA:514,5
DA:515,5
DA:516,5
DA:517,11
DA:518,4
DA:519,4
DA:520,4
DA:521,1
DA:522,1
DA:523,1
DA:524,1
DA:525,1
DA:526,37
DA:527,37
DA:528,37
DA:529,37
DA:530,37
DA:531,87
DA:532,86
DA:533,87
DA:534,38
DA:535,38
DA:536,38
DA:537,34
DA:538,34
DA:539,4
DA:540,4
DA:541,4
DA:542,4
DA:543,4
DA:544,0
DA:545,0
DA:546,0
DA:547,0
DA:548,0
DA:549,0
DA:550,0
DA:551,0
DA:552,0
DA:553,0
DA:554,0
DA:555,0
DA:556,0
DA:557,0
DA:558,0
DA:559,0
DA:560,0
DA:561,0
DA:562,4
DA:563,38
DA:564,87
DA:565,37
DA:566,37
DA:567,37
DA:568,1
DA:569,1
DA:570,1
DA:571,37
DA:572,37
DA:573,37
DA:574,37
DA:575,37
DA:576,37
DA:577,37
DA:578,37
DA:579,37
DA:580,37
DA:581,37
DA:582,37
DA:583,37
DA:584,37
DA:585,114
DA:586,114
DA:587,37
DA:588,37
DA:589,37
DA:590,37
DA:591,16
DA:592,16
DA:593,16
DA:594,16
DA:595,37
DA:596,37
DA:597,37
DA:598,37
DA:599,37
DA:600,37
DA:601,37
DA:602,37
DA:603,37
DA:604,37
DA:605,1
DA:606,1
DA:607,1
DA:608,1
DA:609,1
DA:610,1
DA:611,1
DA:612,1
DA:613,37
DA:614,37
DA:615,37
DA:616,37
DA:617,37
DA:618,37
DA:619,6
DA:620,6
DA:621,0
DA:622,0
DA:623,0
DA:624,0
DA:625,6
DA:626,37
DA:627,37
DA:628,6
DA:629,6
DA:630,31
DA:631,31
DA:632,31
DA:633,31
DA:634,31
DA:635,31
DA:636,31
DA:637,36
DA:638,34
DA:639,34
DA:640,34
DA:641,0
DA:642,0
DA:643,0
DA:644,34
DA:645,34
DA:646,34
DA:647,34
DA:648,34
DA:649,34
DA:650,34
DA:651,34
DA:652,34
DA:653,34
DA:654,34
DA:655,34
DA:656,34
DA:657,31
DA:658,31
DA:659,31
DA:660,31
DA:661,31
DA:662,31
DA:663,31
DA:664,31
DA:665,31
DA:666,31
DA:667,1
DA:668,1
DA:669,1
DA:670,1
DA:671,1
DA:672,1
DA:673,4
DA:674,4
DA:675,4
DA:676,4
DA:677,4
DA:678,2
DA:679,2
DA:680,2
DA:681,2
DA:682,2
DA:683,2
DA:684,2
DA:685,3
DA:686,3
DA:687,3
DA:688,3
DA:689,0
DA:690,0
DA:691,0
DA:692,3
DA:693,3
DA:694,3
DA:695,3
DA:696,3
DA:697,3
DA:698,3
DA:699,3
DA:700,3
DA:701,3
DA:702,3
DA:703,3
DA:704,3
DA:705,2
DA:706,2
DA:707,2
DA:708,2
DA:709,2
DA:710,2
DA:711,2
DA:712,2
DA:713,2
DA:714,2
LF:714
LH:668
BRDA:48,0,0,37
BRDA:50,1,0,23
BRDA:51,2,0,14
BRDA:51,3,0,7
BRDA:52,4,0,6
BRDA:53,5,0,1
BRDA:54,6,0,0
BRDA:85,7,0,260
BRDA:86,8,0,0
BRDA:88,9,0,0
BRDA:88,10,0,810
BRDA:93,11,0,37
BRDA:95,12,0,23
BRDA:96,13,0,7
BRDA:97,14,0,6
BRDA:98,15,0,1
BRDA:99,16,0,0
BRDA:111,17,0,23
BRDA:113,18,0,66
BRDA:116,19,0,9
BRDA:119,20,0,17
BRDA:126,21,0,7
BRDA:128,22,0,24
BRDA:130,23,0,3
BRDA:133,24,0,7
BRDA:140,25,0,6
BRDA:142,26,0,21
BRDA:145,27,0,19
BRDA:145,28,0,4
BRDA:148,29,0,11
BRDA:155,30,0,1
BRDA:157,31,0,3
BRDA:159,32,0,0
BRDA:174,33,0,27
BRDA:181,34,0,306
BRDA:182,35,0,27
BRDA:184,36,0,0
BRDA:188,37,0,75
BRDA:191,38,0,27
BRDA:191,39,0,48
BRDA:193,40,0,898
BRDA:195,41,0,850
BRDA:195,42,0,48
BRDA:197,43,0,121
BRDA:198,44,0,11
BRDA:198,45,0,11
BRDA:201,46,0,777
BRDA:202,47,0,769
BRDA:202,48,0,766
BRDA:202,49,0,11
BRDA:206,50,0,766
BRDA:208,51,0,0
BRDA:208,52,0,0
BRDA:208,53,0,0
BRDA:211,54,0,766
BRDA:212,55,0,35
BRDA:213,56,0,731
BRDA:213,57,0,35
BRDA:217,58,0,27
BRDA:217,59,0,27
BRDA:222,60,0,48
BRDA:223,61,0,0
BRDA:226,62,0,54
BRDA:228,63,0,0
BRDA:233,64,0,66
BRDA:241,65,0,6
BRDA:243,66,0,0
BRDA:246,67,0,12
BRDA:248,68,0,2
BRDA:249,69,0,10
BRDA:249,70,0,0
BRDA:250,71,0,2
BRDA:251,72,0,8
BRDA:253,73,0,4
BRDA:258,74,0,37
BRDA:264,75,0,23
BRDA:265,76,0,7
BRDA:266,77,0,6
BRDA:267,78,0,1
BRDA:272,79,0,23
BRDA:274,80,0,66
BRDA:279,81,0,0
BRDA:283,82,0,4
BRDA:287,83,0,62
BRDA:288,84,0,5
BRDA:291,85,0,0
BRDA:295,86,0,62
BRDA:296,87,0,27
BRDA:296,88,0,15
BRDA:290,89,0,7
BRDA:290,90,0,7
BRDA:303,91,0,7
BRDA:305,92,0,24
BRDA:308,93,0,0
BRDA:313,94,0,3
BRDA:317,95,0,2
BRDA:322,96,0,11
BRDA:322,97,0,6
BRDA:315,98,0,5
BRDA:315,99,0,5
BRDA:316,100,0,3
BRDA:316,101,0,2
BRDA:329,102,0,6
BRDA:331,103,0,21
BRDA:334,104,0,1
BRDA:338,105,0,20
BRDA:339,106,0,11
BRDA:339,107,0,7
BRDA:353,108,0,49
BRDA:355,109,0,27
BRDA:356,110,0,11
BRDA:357,111,0,11
BRDA:358,112,0,0
BRDA:362,113,0,27
BRDA:369,114,0,0
BRDA:373,115,0,0
BRDA:375,116,0,0
BRDA:376,117,0,10
BRDA:376,118,0,17
BRDA:379,119,0,6
BRDA:379,120,0,2
BRDA:379,121,0,15
BRDA:380,122,0,2
BRDA:375,123,0,37
BRDA:375,124,0,0
BRDA:383,125,0,11
BRDA:385,126,0,0
BRDA:388,127,0,0
BRDA:390,128,0,3
BRDA:391,129,0,8
BRDA:392,130,0,2
BRDA:393,131,0,6
BRDA:393,132,0,0
BRDA:394,133,0,6
BRDA:395,134,0,1
BRDA:395,135,0,6
BRDA:396,136,0,0
BRDA:390,137,0,13
BRDA:390,138,0,10
BRDA:399,139,0,11
BRDA:402,140,0,1
BRDA:403,141,0,10
BRDA:405,142,0,7
BRDA:405,143,0,3
BRDA:406,144,0,7
BRDA:408,145,0,0
BRDA:408,146,0,0
BRDA:409,147,0,7
BRDA:413,148,0,38
BRDA:417,149,0,501
BRDA:418,150,0,492
BRDA:418,151,0,9
BRDA:419,152,0,492
BRDA:419,153,0,483
BRDA:419,154,0,9
BRDA:420,155,0,15
BRDA:420,156,0,12
BRDA:423,157,0,489
BRDA:434,158,0,37
BRDA:444,159,0,14
BRDA:444,160,0,13
BRDA:445,161,0,24
BRDA:446,162,0,69
BRDA:448,163,0,60
BRDA:449,164,0,9
BRDA:457,165,0,7
BRDA:457,166,0,7
BRDA:457,167,0,3
BRDA:451,168,0,7
BRDA:451,169,0,7
BRDA:452,170,0,5
BRDA:453,171,0,7
BRDA:454,172,0,7
BRDA:479,173,0,39
BRDA:484,174,0,43
BRDA:486,175,0,358
BRDA:494,176,0,4
BRDA:498,177,0,11
BRDA:500,178,0,4
BRDA:501,179,0,10
BRDA:501,180,0,7
BRDA:502,181,0,0
BRDA:502,182,0,0
BRDA:502,183,0,10
BRDA:502,184,0,0
BRDA:503,185,0,7
BRDA:504,186,0,2
BRDA:504,187,0,2
BRDA:504,188,0,5
BRDA:510,189,0,0
BRDA:511,190,0,3
BRDA:511,191,0,3
BRDA:526,192,0,37
BRDA:530,193,0,87
BRDA:531,194,0,1
BRDA:532,195,0,86
BRDA:532,196,0,18
BRDA:533,197,0,68
BRDA:533,198,0,63
BRDA:533,199,0,61
BRDA:533,200,0,38
BRDA:535,201,0,0
BRDA:536,202,0,36
BRDA:536,203,0,34
BRDA:539,204,0,4
BRDA:543,205,0,3
BRDA:543,206,0,0
BRDA:571,207,0,37
BRDA:577,208,0,0
BRDA:584,209,0,114
BRDA:585,210,0,52
BRDA:590,211,0,16
BRDA:612,212,0,37
BRDA:618,213,0,6
BRDA:620,214,0,0
BRDA:627,215,0,6
BRDA:630,216,0,36
BRDA:630,217,0,31
BRDA:637,218,0,34
BRDA:640,219,0,0
BRDA:657,220,0,31
BRDA:649,221,0,16
BRDA:654,222,0,16
BRDA:663,223,0,34
BRDA:672,224,0,4
BRDA:677,225,0,2
BRDA:678,226,0,3
BRDA:678,227,0,2
BRDA:688,228,0,0
BRDA:705,229,0,2
BRDA:711,230,0,3
BRF:231
BRH:194
end_of_record
TN:
SF:src\parser.ts
FN:7,extractQuoted
FN:13,extractExitCode
FN:20,test
FN:21,infer
FN:24,test
FN:25,infer
FN:28,test
FN:29,infer
FN:35,test
FN:36,infer
FN:42,test
FN:43,infer
FN:49,test
FN:50,infer
FN:56,test
FN:57,infer
FN:70,inferPredicate
FN:99,parseLeafLine
FN:160,parseSections
FN:165,flush
FN:191,parseDodTree
FN:244,cleanup
FN:255,parseContent
FN:289,parseMarkdown
FN:295,parseMarkdownFromString
FNF:25
FNH:24
FNDA:4,extractQuoted
FNDA:2,extractExitCode
FNDA:25,test
FNDA:1,infer
FNDA:24,test
FNDA:0,infer
FNDA:24,test
FNDA:1,infer
FNDA:23,test
FNDA:1,infer
FNDA:22,test
FNDA:1,infer
FNDA:21,test
FNDA:1,infer
FNDA:20,test
FNDA:1,infer
FNDA:25,inferPredicate
FNDA:28,parseLeafLine
FNDA:30,parseSections
FNDA:64,flush
FNDA:26,parseDodTree
FNDA:36,cleanup
FNDA:30,parseContent
FNDA:2,parseMarkdown
FNDA:29,parseMarkdownFromString
DA:1,1
DA:2,1
DA:3,1
DA:4,1
DA:5,1
DA:6,1
DA:7,4
DA:8,4
DA:9,4
DA:10,4
DA:11,1
DA:12,1
DA:13,2
DA:14,2
DA:15,2
DA:16,2
DA:17,1
DA:18,1
DA:19,1
DA:20,1
DA:21,1
DA:22,1
DA:23,1
DA:24,1
DA:25,1
DA:26,1
DA:27,1
DA:28,1
DA:29,1
DA:30,1
DA:31,1
DA:32,1
DA:33,1
DA:34,1
DA:35,1
DA:36,1
DA:37,1
DA:38,1
DA:39,1
DA:40,1
DA:41,1
DA:42,1
DA:43,1
DA:44,1
DA:45,1
DA:46,1
DA:47,1
DA:48,1
DA:49,1
DA:50,1
DA:51,1
DA:52,1
DA:53,1
DA:54,1
DA:55,1
DA:56,1
DA:57,1
DA:58,1
DA:59,1
DA:60,1
DA:61,1
DA:62,1
DA:63,1
DA:64,1
DA:65,1
DA:66,1
DA:67,1
DA:68,1
DA:69,1
DA:70,25
DA:71,25
DA:72,25
DA:73,25
DA:74,159
DA:75,159
DA:76,19
DA:77,19
DA:78,19
DA:79,25
DA:80,17
DA:81,17
DA:82,25
DA:83,25
DA:84,15
DA:85,15
DA:86,25
DA:87,75
DA:88,6
DA:89,6
DA:90,6
DA:91,6
DA:92,75
DA:93,9
DA:94,9
DA:95,9
DA:96,1
DA:97,1
DA:98,1
DA:99,28
DA:100,28
DA:101,28
DA:102,28
DA:103,28
DA:104,28
DA:105,1
DA:106,1
DA:107,1
DA:108,1
DA:109,1
DA:110,27
DA:111,27
DA:112,27
DA:113,28
DA:114,1
DA:115,1
DA:116,1
DA:117,1
DA:118,1
DA:119,1
DA:120,1
DA:121,26
DA:122,26
DA:123,26
DA:124,28
DA:125,25
DA:126,25
DA:127,25
DA:128,25
DA:129,25
DA:130,25
DA:131,25
DA:132,1
DA:133,1
DA:134,1
DA:135,1
DA:136,1
DA:137,1
DA:138,1
DA:139,1
DA:140,1
DA:141,1
DA:142,1
DA:143,0
DA:144,0
DA:145,0
DA:146,1
DA:147,1
DA:148,1
DA:149,1
DA:150,1
DA:151,1
DA:152,1
DA:153,1
DA:154,1
DA:155,1
DA:156,1
DA:157,1
DA:158,1
DA:159,1
DA:160,30
DA:161,30
DA:162,30
DA:163,30
DA:164,30
DA:165,30
DA:166,64
DA:167,8
DA:168,8
DA:169,8
DA:170,8
DA:171,30
DA:172,30
DA:173,255
DA:174,255
DA:175,34
DA:176,34
DA:177,34
DA:178,182
DA:179,182
DA:180,34
DA:181,34
DA:182,255
DA:183,255
DA:184,255
DA:185,30
DA:186,30
DA:187,30
DA:188,1
DA:189,1
DA:190,1
DA:191,26
DA:192,26
DA:193,26
DA:194,26
DA:195,26
DA:196,26
DA:197,98
DA:198,98
DA:199,97
DA:200,36
DA:201,36
DA:202,36
DA:203,36
DA:204,36
DA:205,98
DA:206,4
DA:207,4
DA:208,4
DA:209,4
DA:210,4
DA:211,4
DA:212,4
DA:213,4
DA:214,4
DA:215,32
DA:216,32
DA:217,32
DA:218,98
DA:219,4
DA:220,4
DA:221,4
DA:222,4
DA:223,4
DA:224,4
DA:225,4
DA:226,4
DA:227,4
DA:228,4
DA:229,4
DA:230,28
DA:231,28
DA:232,28
DA:233,28
DA:234,28
DA:235,28
DA:236,28
DA:237,28
DA:238,28
DA:239,22
DA:240,28
DA:241,98
DA:242,26
DA:243,26
DA:244,26
DA:245,36
DA:246,36
DA:247,36
DA:248,26
DA:249,26
DA:250,26
DA:251,26
DA:252,1
DA:253,1
DA:254,1
DA:255,30
DA:256,30
DA:257,30
DA:258,30
DA:259,30
DA:260,30
DA:261,30
DA:262,255
DA:263,30
DA:264,30
DA:265,255
DA:266,255
DA:267,255
DA:268,255
DA:269,255
DA:270,255
DA:271,255
DA:272,255
DA:273,255
DA:274,30
DA:275,30
DA:276,30
DA:277,30
DA:278,30
DA:279,30
DA:280,154
DA:281,154
DA:282,30
DA:283,30
DA:284,30
DA:285,30
DA:286,30
DA:287,1
DA:288,1
DA:289,1
DA:290,2
DA:291,1
DA:292,1
DA:293,1
DA:294,1
DA:295,1
DA:296,29
DA:297,29
LF:297
LH:294
BRDA:7,0,0,4
BRDA:9,1,0,0
BRDA:13,2,0,2
BRDA:15,3,0,1
BRDA:15,4,0,1
BRDA:20,5,0,25
BRDA:20,6,0,24
BRDA:20,7,0,24
BRDA:21,8,0,1
BRDA:24,9,0,24
BRDA:28,10,0,24
BRDA:28,11,0,93
BRDA:29,12,0,1
BRDA:31,13,0,0
BRDA:35,14,0,23
BRDA:35,15,0,22
BRDA:36,16,0,1
BRDA:38,17,0,0
BRDA:42,18,0,22
BRDA:42,19,0,21
BRDA:43,20,0,1
BRDA:45,21,0,0
BRDA:49,22,0,21
BRDA:50,23,0,1
BRDA:52,24,0,0
BRDA:56,25,0,20
BRDA:56,26,0,58
BRDA:57,27,0,1
BRDA:57,28,0,0
BRDA:70,29,0,25
BRDA:73,30,0,159
BRDA:74,31,0,6
BRDA:76,32,0,19
BRDA:79,33,0,2
BRDA:80,34,0,17
BRDA:82,35,0,16
BRDA:82,36,0,1
BRDA:83,37,0,16
BRDA:83,38,0,15
BRDA:83,39,0,15
BRDA:83,40,0,1
BRDA:84,41,0,15
BRDA:86,42,0,75
BRDA:87,43,0,6
BRDA:88,44,0,1
BRDA:88,45,0,5
BRDA:89,46,0,1
BRDA:89,47,0,5
BRDA:93,48,0,9
BRDA:87,49,0,187
BRDA:99,50,0,28
BRDA:104,51,0,1
BRDA:110,52,0,27
BRDA:113,53,0,1
BRDA:118,54,0,0
BRDA:121,55,0,26
BRDA:124,56,0,25
BRDA:129,57,0,2
BRDA:129,58,0,23
BRDA:129,59,0,1
BRDA:129,60,0,22
BRDA:132,61,0,1
BRDA:140,62,0,0
BRDA:140,63,0,0
BRDA:143,64,0,0
BRDA:160,65,0,30
BRDA:172,66,0,255
BRDA:174,67,0,34
BRDA:177,68,0,182
BRDA:178,69,0,8
BRDA:182,70,0,221
BRDA:182,71,0,0
BRDA:182,72,0,0
BRDA:183,73,0,221
BRDA:183,74,0,24
BRDA:165,75,0,64
BRDA:166,76,0,56
BRDA:167,77,0,8
BRDA:191,78,0,26
BRDA:196,79,0,98
BRDA:198,80,0,1
BRDA:198,81,0,97
BRDA:199,82,0,61
BRDA:200,83,0,36
BRDA:205,84,0,4
BRDA:215,85,0,32
BRDA:218,86,0,4
BRDA:220,87,0,5
BRDA:220,88,0,1
BRDA:221,89,0,0
BRDA:230,90,0,28
BRDA:236,91,0,6
BRDA:236,92,0,0
BRDA:237,93,0,6
BRDA:237,94,0,22
BRDA:238,95,0,6
BRDA:238,96,0,6
BRDA:239,97,0,22
BRDA:244,98,0,36
BRDA:245,99,0,8
BRDA:245,100,0,0
BRDA:246,101,0,8
BRDA:246,102,0,10
BRDA:255,103,0,30
BRDA:261,104,0,255
BRDA:262,105,0,30
BRDA:262,106,0,30
BRDA:266,107,0,30
BRDA:268,108,0,1
BRDA:270,109,0,1
BRDA:272,110,0,1
BRDA:279,111,0,154
BRDA:280,112,0,26
BRDA:283,113,0,26
BRDA:283,114,0,4
BRDA:289,115,0,2
BRDA:291,116,0,1
BRDA:295,117,0,29
BRF:118
BRH:103
end_of_record
TN:
SF:src\regression.ts
FN:15,extractNumber
FNF:1
FNH:1
FNDA:12,extractNumber
DA:1,1
DA:2,1
DA:3,1
DA:4,1
DA:5,1
DA:6,1
DA:7,1
DA:8,1
DA:9,1
DA:10,1
DA:11,1
DA:12,1
DA:13,1
DA:14,1
DA:15,1
DA:16,12
DA:17,3
DA:18,3
DA:19,2
DA:20,3
DA:21,3
DA:22,9
DA:23,9
DA:24,12
DA:25,6
DA:26,12
DA:27,12
LF:27
LH:27
BRDA:15,0,0,12
BRDA:16,1,0,3
BRDA:18,2,0,2
BRDA:18,3,0,1
BRDA:19,4,0,2
BRDA:20,5,0,0
BRDA:22,6,0,9
BRDA:24,7,0,6
BRDA:24,8,0,11
BRDA:24,9,0,3
BRDA:25,10,0,6
BRDA:26,11,0,0
BRF:12
BRH:10
end_of_record
TN:
SF:src\store.ts
FN:7,getStoreDir
FN:11,ensureStoreDir
FN:15,docPath
FN:19,generateId
FN:23,save
FN:28,load
FN:38,findByPath
FN:59,listAll
FN:78,remove
FNF:9
FNH:9
FNDA:65,getStoreDir
FNDA:19,ensureStoreDir
FNDA:33,docPath
FNDA:113,generateId
FNDA:12,save
FNDA:8,load
FNDA:4,findByPath
FNDA:3,listAll
FNDA:13,remove
DA:1,1
DA:2,1
DA:3,1
DA:4,1
DA:5,1
DA:6,1
DA:7,65
DA:8,65
DA:9,65
DA:10,1
DA:11,19
DA:12,19
DA:13,19
DA:14,1
DA:15,33
DA:16,33
DA:17,33
DA:18,1
DA:19,1
DA:20,113
DA:21,113
DA:22,1
DA:23,1
DA:24,12
DA:25,12
DA:26,12
DA:27,1
DA:28,1
DA:29,8
DA:30,8
DA:31,5
DA:32,8
DA:33,4
DA:34,4
DA:35,4
DA:36,8
DA:37,1
DA:38,1
DA:39,4
DA:40,4
DA:41,4
DA:42,3
DA:43,2
DA:44,2
DA:45,2
DA:46,2
DA:47,2
DA:48,2
DA:49,3
DA:50,0
DA:51,0
DA:52,0
DA:53,0
DA:54,0
DA:55,3
DA:56,2
DA:57,2
DA:58,1
DA:59,1
DA:60,3
DA:61,3
DA:62,3
DA:63,3
DA:64,4
DA:65,4
DA:66,4
DA:67,4
DA:68,4
DA:69,1
DA:70,1
DA:71,1
DA:72,1
DA:73,1
DA:74,4
DA:75,3
DA:76,3
DA:77,1
DA:78,1
DA:79,13
DA:80,13
DA:81,11
DA:82,13
DA:83,2
DA:84,2
DA:85,2
DA:86,13
LF:86
LH:81
BRDA:7,0,0,65
BRDA:8,1,0,0
BRDA:11,2,0,19
BRDA:15,3,0,33
BRDA:19,4,0,113
BRDA:23,5,0,12
BRDA:28,6,0,8
BRDA:31,7,0,5
BRDA:32,8,0,4
BRDA:33,9,0,0
BRDA:38,10,0,4
BRDA:41,11,0,3
BRDA:42,12,0,1
BRDA:43,13,0,2
BRDA:49,14,0,0
BRDA:56,15,0,2
BRDA:59,16,0,3
BRDA:63,17,0,4
BRDA:64,18,0,0
BRDA:68,19,0,1
BRDA:70,20,0,0
BRDA:78,21,0,13
BRDA:81,22,0,11
BRDA:82,23,0,2
BRDA:83,24,0,0
BRF:25
BRH:19
end_of_record
